{"C:\\Users\\arche\\Desktop\\BharatVote\\backend\\ipfs-service.js": {"path":"C:\\Users\\arche\\Desktop\\BharatVote\\backend\\ipfs-service.js","statementMap":{"0":{"start":{"line":6,"column":14},"end":{"line":6,"column":30}},"1":{"start":{"line":7,"column":17},"end":{"line":7,"column":37}},"2":{"start":{"line":8,"column":11},"end":{"line":8,"column":24}},"3":{"start":{"line":9,"column":13},"end":{"line":9,"column":28}},"4":{"start":{"line":13,"column":8},"end":{"line":13,"column":71}},"5":{"start":{"line":14,"column":8},"end":{"line":14,"column":80}},"6":{"start":{"line":15,"column":8},"end":{"line":15,"column":79}},"7":{"start":{"line":16,"column":8},"end":{"line":16,"column":83}},"8":{"start":{"line":17,"column":8},"end":{"line":17,"column":60}},"9":{"start":{"line":24,"column":8},"end":{"line":37,"column":9}},"10":{"start":{"line":25,"column":24},"end":{"line":25,"column":74}},"11":{"start":{"line":26,"column":29},"end":{"line":31,"column":14}},"12":{"start":{"line":32,"column":12},"end":{"line":32,"column":78}},"13":{"start":{"line":33,"column":12},"end":{"line":33,"column":24}},"14":{"start":{"line":35,"column":12},"end":{"line":35,"column":76}},"15":{"start":{"line":36,"column":12},"end":{"line":36,"column":25}},"16":{"start":{"line":47,"column":8},"end":{"line":84,"column":9}},"17":{"start":{"line":48,"column":28},"end":{"line":58,"column":13}},"18":{"start":{"line":60,"column":29},"end":{"line":66,"column":14}},"19":{"start":{"line":68,"column":29},"end":{"line":68,"column":51}},"20":{"start":{"line":69,"column":12},"end":{"line":69,"column":78}},"21":{"start":{"line":71,"column":12},"end":{"line":77,"column":14}},"22":{"start":{"line":79,"column":12},"end":{"line":79,"column":77}},"23":{"start":{"line":80,"column":12},"end":{"line":82,"column":13}},"24":{"start":{"line":81,"column":16},"end":{"line":81,"column":69}},"25":{"start":{"line":83,"column":12},"end":{"line":83,"column":24}},"26":{"start":{"line":94,"column":8},"end":{"line":131,"column":9}},"27":{"start":{"line":95,"column":29},"end":{"line":95,"column":43}},"28":{"start":{"line":96,"column":25},"end":{"line":96,"column":54}},"29":{"start":{"line":98,"column":12},"end":{"line":98,"column":42}},"30":{"start":{"line":100,"column":29},"end":{"line":106,"column":14}},"31":{"start":{"line":107,"column":12},"end":{"line":107,"column":56}},"32":{"start":{"line":109,"column":29},"end":{"line":116,"column":14}},"33":{"start":{"line":118,"column":29},"end":{"line":118,"column":51}},"34":{"start":{"line":119,"column":12},"end":{"line":119,"column":83}},"35":{"start":{"line":121,"column":12},"end":{"line":127,"column":14}},"36":{"start":{"line":129,"column":12},"end":{"line":129,"column":82}},"37":{"start":{"line":130,"column":12},"end":{"line":130,"column":24}},"38":{"start":{"line":140,"column":8},"end":{"line":147,"column":9}},"39":{"start":{"line":141,"column":24},"end":{"line":141,"column":52}},"40":{"start":{"line":142,"column":29},"end":{"line":142,"column":49}},"41":{"start":{"line":143,"column":12},"end":{"line":143,"column":33}},"42":{"start":{"line":145,"column":12},"end":{"line":145,"column":95}},"43":{"start":{"line":146,"column":12},"end":{"line":146,"column":24}},"44":{"start":{"line":156,"column":27},"end":{"line":166,"column":9}},"45":{"start":{"line":160,"column":41},"end":{"line":165,"column":13}},"46":{"start":{"line":168,"column":8},"end":{"line":168,"column":84}},"47":{"start":{"line":177,"column":29},"end":{"line":187,"column":9}},"48":{"start":{"line":183,"column":48},"end":{"line":186,"column":13}},"49":{"start":{"line":189,"column":8},"end":{"line":189,"column":89}},"50":{"start":{"line":198,"column":31},"end":{"line":213,"column":9}},"51":{"start":{"line":215,"column":8},"end":{"line":215,"column":92}},"52":{"start":{"line":224,"column":29},"end":{"line":229,"column":9}},"53":{"start":{"line":231,"column":8},"end":{"line":231,"column":88}},"54":{"start":{"line":241,"column":8},"end":{"line":247,"column":10}},"55":{"start":{"line":256,"column":23},"end":{"line":256,"column":40}},"56":{"start":{"line":257,"column":8},"end":{"line":257,"column":87}},"57":{"start":{"line":266,"column":8},"end":{"line":279,"column":9}},"58":{"start":{"line":267,"column":24},"end":{"line":267,"column":76}},"59":{"start":{"line":268,"column":12},"end":{"line":273,"column":15}},"60":{"start":{"line":274,"column":12},"end":{"line":274,"column":73}},"61":{"start":{"line":275,"column":12},"end":{"line":275,"column":24}},"62":{"start":{"line":277,"column":12},"end":{"line":277,"column":85}},"63":{"start":{"line":278,"column":12},"end":{"line":278,"column":25}},"64":{"start":{"line":287,"column":8},"end":{"line":299,"column":9}},"65":{"start":{"line":288,"column":24},"end":{"line":288,"column":63}},"66":{"start":{"line":289,"column":29},"end":{"line":294,"column":14}},"67":{"start":{"line":295,"column":12},"end":{"line":295,"column":38}},"68":{"start":{"line":297,"column":12},"end":{"line":297,"column":75}},"69":{"start":{"line":298,"column":12},"end":{"line":298,"column":24}},"70":{"start":{"line":303,"column":0},"end":{"line":303,"column":29}}},"fnMap":{"0":{"name":"(anonymous_0)","decl":{"start":{"line":12,"column":4},"end":{"line":12,"column":5}},"loc":{"start":{"line":12,"column":47},"end":{"line":18,"column":5}},"line":12},"1":{"name":"(anonymous_1)","decl":{"start":{"line":23,"column":4},"end":{"line":23,"column":5}},"loc":{"start":{"line":23,"column":31},"end":{"line":38,"column":5}},"line":23},"2":{"name":"(anonymous_2)","decl":{"start":{"line":46,"column":4},"end":{"line":46,"column":5}},"loc":{"start":{"line":46,"column":36},"end":{"line":85,"column":5}},"line":46},"3":{"name":"(anonymous_3)","decl":{"start":{"line":93,"column":4},"end":{"line":93,"column":5}},"loc":{"start":{"line":93,"column":40},"end":{"line":132,"column":5}},"line":93},"4":{"name":"(anonymous_4)","decl":{"start":{"line":139,"column":4},"end":{"line":139,"column":5}},"loc":{"start":{"line":139,"column":32},"end":{"line":148,"column":5}},"line":139},"5":{"name":"(anonymous_5)","decl":{"start":{"line":155,"column":4},"end":{"line":155,"column":5}},"loc":{"start":{"line":155,"column":32},"end":{"line":169,"column":5}},"line":155},"6":{"name":"(anonymous_6)","decl":{"start":{"line":160,"column":30},"end":{"line":160,"column":31}},"loc":{"start":{"line":160,"column":41},"end":{"line":165,"column":13}},"line":160},"7":{"name":"(anonymous_7)","decl":{"start":{"line":176,"column":4},"end":{"line":176,"column":5}},"loc":{"start":{"line":176,"column":41},"end":{"line":190,"column":5}},"line":176},"8":{"name":"(anonymous_8)","decl":{"start":{"line":183,"column":39},"end":{"line":183,"column":40}},"loc":{"start":{"line":183,"column":48},"end":{"line":186,"column":13}},"line":183},"9":{"name":"(anonymous_9)","decl":{"start":{"line":197,"column":4},"end":{"line":197,"column":5}},"loc":{"start":{"line":197,"column":32},"end":{"line":216,"column":5}},"line":197},"10":{"name":"(anonymous_10)","decl":{"start":{"line":223,"column":4},"end":{"line":223,"column":5}},"loc":{"start":{"line":223,"column":37},"end":{"line":232,"column":5}},"line":223},"11":{"name":"(anonymous_11)","decl":{"start":{"line":240,"column":4},"end":{"line":240,"column":5}},"loc":{"start":{"line":240,"column":41},"end":{"line":248,"column":5}},"line":240},"12":{"name":"(anonymous_12)","decl":{"start":{"line":255,"column":4},"end":{"line":255,"column":5}},"loc":{"start":{"line":255,"column":25},"end":{"line":258,"column":5}},"line":255},"13":{"name":"(anonymous_13)","decl":{"start":{"line":265,"column":4},"end":{"line":265,"column":5}},"loc":{"start":{"line":265,"column":34},"end":{"line":280,"column":5}},"line":265},"14":{"name":"(anonymous_14)","decl":{"start":{"line":286,"column":4},"end":{"line":286,"column":5}},"loc":{"start":{"line":286,"column":28},"end":{"line":300,"column":5}},"line":286}},"branchMap":{"0":{"loc":{"start":{"line":13,"column":28},"end":{"line":13,"column":70}},"type":"binary-expr","locations":[{"start":{"line":13,"column":28},"end":{"line":13,"column":40}},{"start":{"line":13,"column":44},"end":{"line":13,"column":70}}],"line":13},"1":{"loc":{"start":{"line":14,"column":31},"end":{"line":14,"column":79}},"type":"binary-expr","locations":[{"start":{"line":14,"column":31},"end":{"line":14,"column":46}},{"start":{"line":14,"column":50},"end":{"line":14,"column":79}}],"line":14},"2":{"loc":{"start":{"line":80,"column":12},"end":{"line":82,"column":13}},"type":"if","locations":[{"start":{"line":80,"column":12},"end":{"line":82,"column":13}},{"start":{},"end":{}}],"line":80},"3":{"loc":{"start":{"line":202,"column":24},"end":{"line":202,"column":56}},"type":"binary-expr","locations":[{"start":{"line":202,"column":24},"end":{"line":202,"column":42}},{"start":{"line":202,"column":46},"end":{"line":202,"column":56}}],"line":202},"4":{"loc":{"start":{"line":240,"column":27},"end":{"line":240,"column":39}},"type":"default-arg","locations":[{"start":{"line":240,"column":37},"end":{"line":240,"column":39}}],"line":240},"5":{"loc":{"start":{"line":245,"column":28},"end":{"line":245,"column":58}},"type":"binary-expr","locations":[{"start":{"line":245,"column":28},"end":{"line":245,"column":50}},{"start":{"line":245,"column":54},"end":{"line":245,"column":58}}],"line":245},"6":{"loc":{"start":{"line":246,"column":29},"end":{"line":246,"column":60}},"type":"binary-expr","locations":[{"start":{"line":246,"column":29},"end":{"line":246,"column":52}},{"start":{"line":246,"column":56},"end":{"line":246,"column":60}}],"line":246}},"s":{"0":0,"1":0,"2":0,"3":0,"4":0,"5":0,"6":0,"7":0,"8":0,"9":0,"10":0,"11":0,"12":0,"13":0,"14":0,"15":0,"16":0,"17":0,"18":0,"19":0,"20":0,"21":0,"22":0,"23":0,"24":0,"25":0,"26":0,"27":0,"28":0,"29":0,"30":0,"31":0,"32":0,"33":0,"34":0,"35":0,"36":0,"37":0,"38":0,"39":0,"40":0,"41":0,"42":0,"43":0,"44":0,"45":0,"46":0,"47":0,"48":0,"49":0,"50":0,"51":0,"52":0,"53":0,"54":0,"55":0,"56":0,"57":0,"58":0,"59":0,"60":0,"61":0,"62":0,"63":0,"64":0,"65":0,"66":0,"67":0,"68":0,"69":0,"70":0},"f":{"0":0,"1":0,"2":0,"3":0,"4":0,"5":0,"6":0,"7":0,"8":0,"9":0,"10":0,"11":0,"12":0,"13":0,"14":0},"b":{"0":[0,0],"1":[0,0],"2":[0,0],"3":[0,0],"4":[0],"5":[0,0],"6":[0,0]}}
,"C:\\Users\\arche\\Desktop\\BharatVote\\backend\\server-with-ipfs.js": {"path":"C:\\Users\\arche\\Desktop\\BharatVote\\backend\\server-with-ipfs.js","statementMap":{"0":{"start":{"line":6,"column":16},"end":{"line":6,"column":34}},"1":{"start":{"line":7,"column":13},"end":{"line":7,"column":28}},"2":{"start":{"line":8,"column":15},"end":{"line":8,"column":32}},"3":{"start":{"line":9,"column":18},"end":{"line":9,"column":47}},"4":{"start":{"line":10,"column":23},"end":{"line":10,"column":46}},"5":{"start":{"line":11,"column":47},"end":{"line":11,"column":64}},"6":{"start":{"line":12,"column":20},"end":{"line":12,"column":45}},"7":{"start":{"line":13,"column":0},"end":{"line":13,"column":27}},"8":{"start":{"line":15,"column":12},"end":{"line":15,"column":21}},"9":{"start":{"line":16,"column":13},"end":{"line":16,"column":37}},"10":{"start":{"line":19,"column":20},"end":{"line":19,"column":88}},"11":{"start":{"line":20,"column":20},"end":{"line":23,"column":1}},"12":{"start":{"line":26,"column":0},"end":{"line":26,"column":16}},"13":{"start":{"line":27,"column":0},"end":{"line":27,"column":24}},"14":{"start":{"line":28,"column":0},"end":{"line":28,"column":18}},"15":{"start":{"line":31,"column":19},"end":{"line":34,"column":2}},"16":{"start":{"line":35,"column":0},"end":{"line":35,"column":29}},"17":{"start":{"line":38,"column":24},"end":{"line":38,"column":102}},"18":{"start":{"line":38,"column":33},"end":{"line":38,"column":101}},"19":{"start":{"line":41,"column":24},"end":{"line":49,"column":1}},"20":{"start":{"line":42,"column":4},"end":{"line":48,"column":5}},"21":{"start":{"line":43,"column":8},"end":{"line":43,"column":107}},"22":{"start":{"line":44,"column":11},"end":{"line":48,"column":5}},"23":{"start":{"line":45,"column":8},"end":{"line":45,"column":64}},"24":{"start":{"line":47,"column":8},"end":{"line":47,"column":65}},"25":{"start":{"line":52,"column":14},"end":{"line":52,"column":40}},"26":{"start":{"line":53,"column":21},"end":{"line":53,"column":54}},"27":{"start":{"line":56,"column":21},"end":{"line":61,"column":1}},"28":{"start":{"line":64,"column":16},"end":{"line":64,"column":18}},"29":{"start":{"line":67,"column":26},"end":{"line":72,"column":1}},"30":{"start":{"line":68,"column":4},"end":{"line":70,"column":5}},"31":{"start":{"line":69,"column":8},"end":{"line":69,"column":95}},"32":{"start":{"line":71,"column":4},"end":{"line":71,"column":11}},"33":{"start":{"line":75,"column":15},"end":{"line":75,"column":78}},"34":{"start":{"line":75,"column":42},"end":{"line":75,"column":77}},"35":{"start":{"line":76,"column":13},"end":{"line":76,"column":91}},"36":{"start":{"line":77,"column":22},"end":{"line":77,"column":52}},"37":{"start":{"line":79,"column":0},"end":{"line":79,"column":46}},"38":{"start":{"line":86,"column":4},"end":{"line":89,"column":5}},"39":{"start":{"line":87,"column":8},"end":{"line":87,"column":94}},"40":{"start":{"line":88,"column":8},"end":{"line":88,"column":15}},"41":{"start":{"line":90,"column":4},"end":{"line":132,"column":5}},"42":{"start":{"line":91,"column":8},"end":{"line":91,"column":59}},"43":{"start":{"line":94,"column":28},"end":{"line":94,"column":66}},"44":{"start":{"line":95,"column":8},"end":{"line":98,"column":9}},"45":{"start":{"line":96,"column":12},"end":{"line":96,"column":86}},"46":{"start":{"line":97,"column":12},"end":{"line":97,"column":19}},"47":{"start":{"line":101,"column":8},"end":{"line":101,"column":54}},"48":{"start":{"line":102,"column":26},"end":{"line":102,"column":65}},"49":{"start":{"line":103,"column":8},"end":{"line":103,"column":56}},"50":{"start":{"line":104,"column":8},"end":{"line":104,"column":59}},"51":{"start":{"line":105,"column":8},"end":{"line":105,"column":104}},"52":{"start":{"line":108,"column":8},"end":{"line":108,"column":68}},"53":{"start":{"line":109,"column":28},"end":{"line":109,"column":76}},"54":{"start":{"line":110,"column":8},"end":{"line":110,"column":60}},"55":{"start":{"line":111,"column":8},"end":{"line":111,"column":63}},"56":{"start":{"line":112,"column":8},"end":{"line":116,"column":12}},"57":{"start":{"line":119,"column":8},"end":{"line":119,"column":59}},"58":{"start":{"line":120,"column":28},"end":{"line":120,"column":72}},"59":{"start":{"line":121,"column":8},"end":{"line":121,"column":61}},"60":{"start":{"line":122,"column":8},"end":{"line":122,"column":64}},"61":{"start":{"line":124,"column":8},"end":{"line":124,"column":59}},"62":{"start":{"line":125,"column":8},"end":{"line":125,"column":43}},"63":{"start":{"line":126,"column":8},"end":{"line":126,"column":61}},"64":{"start":{"line":127,"column":8},"end":{"line":127,"column":89}},"65":{"start":{"line":130,"column":8},"end":{"line":130,"column":77}},"66":{"start":{"line":131,"column":8},"end":{"line":131,"column":63}},"67":{"start":{"line":143,"column":0},"end":{"line":168,"column":3}},"68":{"start":{"line":144,"column":20},"end":{"line":144,"column":55}},"69":{"start":{"line":146,"column":4},"end":{"line":148,"column":5}},"70":{"start":{"line":147,"column":8},"end":{"line":147,"column":88}},"71":{"start":{"line":150,"column":19},"end":{"line":150,"column":59}},"72":{"start":{"line":150,"column":37},"end":{"line":150,"column":58}},"73":{"start":{"line":152,"column":4},"end":{"line":154,"column":5}},"74":{"start":{"line":153,"column":8},"end":{"line":153,"column":45}},"75":{"start":{"line":157,"column":4},"end":{"line":161,"column":8}},"76":{"start":{"line":163,"column":4},"end":{"line":167,"column":7}},"77":{"start":{"line":174,"column":0},"end":{"line":212,"column":3}},"78":{"start":{"line":175,"column":20},"end":{"line":175,"column":55}},"79":{"start":{"line":176,"column":4},"end":{"line":176,"column":67}},"80":{"start":{"line":178,"column":4},"end":{"line":180,"column":5}},"81":{"start":{"line":179,"column":8},"end":{"line":179,"column":71}},"82":{"start":{"line":182,"column":22},"end":{"line":182,"column":62}},"83":{"start":{"line":182,"column":40},"end":{"line":182,"column":61}},"84":{"start":{"line":184,"column":4},"end":{"line":186,"column":5}},"85":{"start":{"line":185,"column":8},"end":{"line":185,"column":84}},"86":{"start":{"line":188,"column":25},"end":{"line":188,"column":42}},"87":{"start":{"line":189,"column":26},"end":{"line":189,"column":69}},"88":{"start":{"line":190,"column":26},"end":{"line":190,"column":54}},"89":{"start":{"line":191,"column":18},"end":{"line":191,"column":71}},"90":{"start":{"line":191,"column":41},"end":{"line":191,"column":70}},"91":{"start":{"line":193,"column":23},"end":{"line":193,"column":80}},"92":{"start":{"line":194,"column":4},"end":{"line":194,"column":63}},"93":{"start":{"line":196,"column":4},"end":{"line":198,"column":5}},"94":{"start":{"line":197,"column":8},"end":{"line":197,"column":86}},"95":{"start":{"line":201,"column":4},"end":{"line":205,"column":8}},"96":{"start":{"line":207,"column":4},"end":{"line":211,"column":7}},"97":{"start":{"line":215,"column":0},"end":{"line":217,"column":3}},"98":{"start":{"line":216,"column":4},"end":{"line":216,"column":51}},"99":{"start":{"line":223,"column":0},"end":{"line":225,"column":3}},"100":{"start":{"line":224,"column":4},"end":{"line":224,"column":29}},"101":{"start":{"line":231,"column":0},"end":{"line":238,"column":3}},"102":{"start":{"line":232,"column":4},"end":{"line":237,"column":5}},"103":{"start":{"line":233,"column":21},"end":{"line":233,"column":67}},"104":{"start":{"line":234,"column":8},"end":{"line":234,"column":23}},"105":{"start":{"line":236,"column":8},"end":{"line":236,"column":77}},"106":{"start":{"line":244,"column":0},"end":{"line":267,"column":3}},"107":{"start":{"line":245,"column":4},"end":{"line":266,"column":5}},"108":{"start":{"line":246,"column":24},"end":{"line":246,"column":32}},"109":{"start":{"line":247,"column":23},"end":{"line":247,"column":62}},"110":{"start":{"line":248,"column":8},"end":{"line":248,"column":53}},"111":{"start":{"line":250,"column":8},"end":{"line":253,"column":12}},"112":{"start":{"line":256,"column":28},"end":{"line":256,"column":72}},"113":{"start":{"line":257,"column":8},"end":{"line":257,"column":61}},"114":{"start":{"line":259,"column":8},"end":{"line":263,"column":11}},"115":{"start":{"line":265,"column":8},"end":{"line":265,"column":75}},"116":{"start":{"line":273,"column":0},"end":{"line":278,"column":3}},"117":{"start":{"line":274,"column":4},"end":{"line":277,"column":7}},"118":{"start":{"line":284,"column":0},"end":{"line":297,"column":3}},"119":{"start":{"line":285,"column":4},"end":{"line":296,"column":5}},"120":{"start":{"line":286,"column":28},"end":{"line":286,"column":72}},"121":{"start":{"line":287,"column":8},"end":{"line":287,"column":61}},"122":{"start":{"line":289,"column":8},"end":{"line":293,"column":11}},"123":{"start":{"line":295,"column":8},"end":{"line":295,"column":80}},"124":{"start":{"line":303,"column":0},"end":{"line":310,"column":3}},"125":{"start":{"line":304,"column":4},"end":{"line":309,"column":7}},"126":{"start":{"line":318,"column":4},"end":{"line":318,"column":34}},"127":{"start":{"line":321,"column":4},"end":{"line":332,"column":7}},"128":{"start":{"line":322,"column":8},"end":{"line":322,"column":98}},"129":{"start":{"line":323,"column":8},"end":{"line":323,"column":49}},"130":{"start":{"line":324,"column":8},"end":{"line":324,"column":58}},"131":{"start":{"line":325,"column":8},"end":{"line":325,"column":67}},"132":{"start":{"line":326,"column":8},"end":{"line":326,"column":54}},"133":{"start":{"line":327,"column":8},"end":{"line":327,"column":54}},"134":{"start":{"line":328,"column":8},"end":{"line":328,"column":57}},"135":{"start":{"line":329,"column":8},"end":{"line":329,"column":50}},"136":{"start":{"line":330,"column":8},"end":{"line":330,"column":56}},"137":{"start":{"line":331,"column":8},"end":{"line":331,"column":47}},"138":{"start":{"line":336,"column":0},"end":{"line":336,"column":35}},"139":{"start":{"line":338,"column":0},"end":{"line":338,"column":21}}},"fnMap":{"0":{"name":"(anonymous_0)","decl":{"start":{"line":38,"column":24},"end":{"line":38,"column":25}},"loc":{"start":{"line":38,"column":33},"end":{"line":38,"column":101}},"line":38},"1":{"name":"(anonymous_1)","decl":{"start":{"line":41,"column":24},"end":{"line":41,"column":25}},"loc":{"start":{"line":41,"column":34},"end":{"line":49,"column":1}},"line":41},"2":{"name":"(anonymous_2)","decl":{"start":{"line":67,"column":26},"end":{"line":67,"column":27}},"loc":{"start":{"line":67,"column":47},"end":{"line":72,"column":1}},"line":67},"3":{"name":"(anonymous_3)","decl":{"start":{"line":75,"column":34},"end":{"line":75,"column":35}},"loc":{"start":{"line":75,"column":42},"end":{"line":75,"column":77}},"line":75},"4":{"name":"initializeIPFSStorage","decl":{"start":{"line":85,"column":15},"end":{"line":85,"column":36}},"loc":{"start":{"line":85,"column":39},"end":{"line":133,"column":1}},"line":85},"5":{"name":"(anonymous_5)","decl":{"start":{"line":143,"column":20},"end":{"line":143,"column":21}},"loc":{"start":{"line":143,"column":40},"end":{"line":168,"column":1}},"line":143},"6":{"name":"(anonymous_6)","decl":{"start":{"line":150,"column":32},"end":{"line":150,"column":33}},"loc":{"start":{"line":150,"column":37},"end":{"line":150,"column":58}},"line":150},"7":{"name":"(anonymous_7)","decl":{"start":{"line":174,"column":29},"end":{"line":174,"column":30}},"loc":{"start":{"line":174,"column":49},"end":{"line":212,"column":1}},"line":174},"8":{"name":"(anonymous_8)","decl":{"start":{"line":182,"column":35},"end":{"line":182,"column":36}},"loc":{"start":{"line":182,"column":40},"end":{"line":182,"column":61}},"line":182},"9":{"name":"(anonymous_9)","decl":{"start":{"line":191,"column":36},"end":{"line":191,"column":37}},"loc":{"start":{"line":191,"column":41},"end":{"line":191,"column":70}},"line":191},"10":{"name":"(anonymous_10)","decl":{"start":{"line":215,"column":28},"end":{"line":215,"column":29}},"loc":{"start":{"line":215,"column":43},"end":{"line":217,"column":1}},"line":215},"11":{"name":"(anonymous_11)","decl":{"start":{"line":223,"column":51},"end":{"line":223,"column":52}},"loc":{"start":{"line":223,"column":65},"end":{"line":225,"column":1}},"line":223},"12":{"name":"(anonymous_12)","decl":{"start":{"line":231,"column":51},"end":{"line":231,"column":52}},"loc":{"start":{"line":231,"column":71},"end":{"line":238,"column":1}},"line":231},"13":{"name":"(anonymous_13)","decl":{"start":{"line":244,"column":55},"end":{"line":244,"column":56}},"loc":{"start":{"line":244,"column":75},"end":{"line":267,"column":1}},"line":244},"14":{"name":"(anonymous_14)","decl":{"start":{"line":273,"column":28},"end":{"line":273,"column":29}},"loc":{"start":{"line":273,"column":48},"end":{"line":278,"column":1}},"line":273},"15":{"name":"(anonymous_15)","decl":{"start":{"line":284,"column":54},"end":{"line":284,"column":55}},"loc":{"start":{"line":284,"column":74},"end":{"line":297,"column":1}},"line":284},"16":{"name":"(anonymous_16)","decl":{"start":{"line":303,"column":23},"end":{"line":303,"column":24}},"loc":{"start":{"line":303,"column":37},"end":{"line":310,"column":1}},"line":303},"17":{"name":"startServer","decl":{"start":{"line":316,"column":15},"end":{"line":316,"column":26}},"loc":{"start":{"line":316,"column":29},"end":{"line":333,"column":1}},"line":316},"18":{"name":"(anonymous_18)","decl":{"start":{"line":321,"column":21},"end":{"line":321,"column":22}},"loc":{"start":{"line":321,"column":27},"end":{"line":332,"column":5}},"line":321}},"branchMap":{"0":{"loc":{"start":{"line":16,"column":13},"end":{"line":16,"column":37}},"type":"binary-expr","locations":[{"start":{"line":16,"column":13},"end":{"line":16,"column":29}},{"start":{"line":16,"column":33},"end":{"line":16,"column":37}}],"line":16},"1":{"loc":{"start":{"line":19,"column":28},"end":{"line":19,"column":87}},"type":"binary-expr","locations":[{"start":{"line":19,"column":28},"end":{"line":19,"column":54}},{"start":{"line":19,"column":58},"end":{"line":19,"column":87}}],"line":19},"2":{"loc":{"start":{"line":38,"column":33},"end":{"line":38,"column":101}},"type":"cond-expr","locations":[{"start":{"line":38,"column":58},"end":{"line":38,"column":96}},{"start":{"line":38,"column":99},"end":{"line":38,"column":101}}],"line":38},"3":{"loc":{"start":{"line":42,"column":4},"end":{"line":48,"column":5}},"type":"if","locations":[{"start":{"line":42,"column":4},"end":{"line":48,"column":5}},{"start":{"line":44,"column":11},"end":{"line":48,"column":5}}],"line":42},"4":{"loc":{"start":{"line":44,"column":11},"end":{"line":48,"column":5}},"type":"if","locations":[{"start":{"line":44,"column":11},"end":{"line":48,"column":5}},{"start":{"line":46,"column":11},"end":{"line":48,"column":5}}],"line":44},"5":{"loc":{"start":{"line":68,"column":4},"end":{"line":70,"column":5}},"type":"if","locations":[{"start":{"line":68,"column":4},"end":{"line":70,"column":5}},{"start":{},"end":{}}],"line":68},"6":{"loc":{"start":{"line":86,"column":4},"end":{"line":89,"column":5}},"type":"if","locations":[{"start":{"line":86,"column":4},"end":{"line":89,"column":5}},{"start":{},"end":{}}],"line":86},"7":{"loc":{"start":{"line":95,"column":8},"end":{"line":98,"column":9}},"type":"if","locations":[{"start":{"line":95,"column":8},"end":{"line":98,"column":9}},{"start":{},"end":{}}],"line":95},"8":{"loc":{"start":{"line":146,"column":4},"end":{"line":148,"column":5}},"type":"if","locations":[{"start":{"line":146,"column":4},"end":{"line":148,"column":5}},{"start":{},"end":{}}],"line":146},"9":{"loc":{"start":{"line":152,"column":4},"end":{"line":154,"column":5}},"type":"if","locations":[{"start":{"line":152,"column":4},"end":{"line":154,"column":5}},{"start":{},"end":{}}],"line":152},"10":{"loc":{"start":{"line":178,"column":4},"end":{"line":180,"column":5}},"type":"if","locations":[{"start":{"line":178,"column":4},"end":{"line":180,"column":5}},{"start":{},"end":{}}],"line":178},"11":{"loc":{"start":{"line":184,"column":4},"end":{"line":186,"column":5}},"type":"if","locations":[{"start":{"line":184,"column":4},"end":{"line":186,"column":5}},{"start":{},"end":{}}],"line":184},"12":{"loc":{"start":{"line":196,"column":4},"end":{"line":198,"column":5}},"type":"if","locations":[{"start":{"line":196,"column":4},"end":{"line":198,"column":5}},{"start":{},"end":{}}],"line":196}},"s":{"0":0,"1":0,"2":0,"3":0,"4":0,"5":0,"6":0,"7":0,"8":0,"9":0,"10":0,"11":0,"12":0,"13":0,"14":0,"15":0,"16":0,"17":0,"18":0,"19":0,"20":0,"21":0,"22":0,"23":0,"24":0,"25":0,"26":0,"27":0,"28":0,"29":0,"30":0,"31":0,"32":0,"33":0,"34":0,"35":0,"36":0,"37":0,"38":0,"39":0,"40":0,"41":0,"42":0,"43":0,"44":0,"45":0,"46":0,"47":0,"48":0,"49":0,"50":0,"51":0,"52":0,"53":0,"54":0,"55":0,"56":0,"57":0,"58":0,"59":0,"60":0,"61":0,"62":0,"63":0,"64":0,"65":0,"66":0,"67":0,"68":0,"69":0,"70":0,"71":0,"72":0,"73":0,"74":0,"75":0,"76":0,"77":0,"78":0,"79":0,"80":0,"81":0,"82":0,"83":0,"84":0,"85":0,"86":0,"87":0,"88":0,"89":0,"90":0,"91":0,"92":0,"93":0,"94":0,"95":0,"96":0,"97":0,"98":0,"99":0,"100":0,"101":0,"102":0,"103":0,"104":0,"105":0,"106":0,"107":0,"108":0,"109":0,"110":0,"111":0,"112":0,"113":0,"114":0,"115":0,"116":0,"117":0,"118":0,"119":0,"120":0,"121":0,"122":0,"123":0,"124":0,"125":0,"126":0,"127":0,"128":0,"129":0,"130":0,"131":0,"132":0,"133":0,"134":0,"135":0,"136":0,"137":0,"138":0,"139":0},"f":{"0":0,"1":0,"2":0,"3":0,"4":0,"5":0,"6":0,"7":0,"8":0,"9":0,"10":0,"11":0,"12":0,"13":0,"14":0,"15":0,"16":0,"17":0,"18":0},"b":{"0":[0,0],"1":[0,0],"2":[0,0],"3":[0,0],"4":[0,0],"5":[0,0],"6":[0,0],"7":[0,0],"8":[0,0],"9":[0,0],"10":[0,0],"11":[0,0],"12":[0,0]}}
,"C:\\Users\\arche\\Desktop\\BharatVote\\backend\\server.js": {"path":"C:\\Users\\arche\\Desktop\\BharatVote\\backend\\server.js","statementMap":{"0":{"start":{"line":1,"column":13},"end":{"line":1,"column":28}},"1":{"start":{"line":2,"column":11},"end":{"line":2,"column":24}},"2":{"start":{"line":5,"column":0},"end":{"line":5,"column":71}},"3":{"start":{"line":7,"column":16},"end":{"line":7,"column":34}},"4":{"start":{"line":8,"column":13},"end":{"line":8,"column":28}},"5":{"start":{"line":9,"column":14},"end":{"line":9,"column":30}},"6":{"start":{"line":10,"column":19},"end":{"line":10,"column":36}},"7":{"start":{"line":11,"column":23},"end":{"line":11,"column":46}},"8":{"start":{"line":13,"column":12},"end":{"line":13,"column":21}},"9":{"start":{"line":14,"column":0},"end":{"line":14,"column":119}},"10":{"start":{"line":15,"column":0},"end":{"line":21,"column":3}},"11":{"start":{"line":16,"column":2},"end":{"line":16,"column":52}},"12":{"start":{"line":17,"column":2},"end":{"line":17,"column":68}},"13":{"start":{"line":18,"column":2},"end":{"line":18,"column":79}},"14":{"start":{"line":19,"column":2},"end":{"line":19,"column":59}},"15":{"start":{"line":19,"column":32},"end":{"line":19,"column":59}},"16":{"start":{"line":20,"column":2},"end":{"line":20,"column":9}},"17":{"start":{"line":22,"column":0},"end":{"line":22,"column":24}},"18":{"start":{"line":24,"column":13},"end":{"line":24,"column":37}},"19":{"start":{"line":25,"column":20},"end":{"line":25,"column":43}},"20":{"start":{"line":26,"column":16},"end":{"line":26,"column":71}},"21":{"start":{"line":27,"column":31},"end":{"line":27,"column":71}},"22":{"start":{"line":29,"column":2},"end":{"line":32,"column":4}},"23":{"start":{"line":34,"column":37},"end":{"line":42,"column":4}},"24":{"start":{"line":36,"column":14},"end":{"line":36,"column":54}},"25":{"start":{"line":37,"column":2},"end":{"line":39,"column":3}},"26":{"start":{"line":38,"column":4},"end":{"line":38,"column":38}},"27":{"start":{"line":40,"column":17},"end":{"line":40,"column":49}},"28":{"start":{"line":41,"column":2},"end":{"line":41,"column":61}},"29":{"start":{"line":44,"column":38},"end":{"line":52,"column":4}},"30":{"start":{"line":46,"column":14},"end":{"line":46,"column":55}},"31":{"start":{"line":47,"column":2},"end":{"line":49,"column":3}},"32":{"start":{"line":48,"column":4},"end":{"line":48,"column":38}},"33":{"start":{"line":50,"column":17},"end":{"line":50,"column":49}},"34":{"start":{"line":51,"column":2},"end":{"line":51,"column":61}},"35":{"start":{"line":54,"column":32},"end":{"line":59,"column":4}},"36":{"start":{"line":55,"column":14},"end":{"line":55,"column":49}},"37":{"start":{"line":56,"column":2},"end":{"line":56,"column":83}},"38":{"start":{"line":56,"column":70},"end":{"line":56,"column":83}},"39":{"start":{"line":57,"column":17},"end":{"line":57,"column":49}},"40":{"start":{"line":58,"column":2},"end":{"line":58,"column":68}},"41":{"start":{"line":61,"column":31},"end":{"line":61,"column":104}},"42":{"start":{"line":62,"column":31},"end":{"line":62,"column":109}},"43":{"start":{"line":63,"column":24},"end":{"line":63,"column":78}},"44":{"start":{"line":64,"column":28},"end":{"line":64,"column":97}},"45":{"start":{"line":65,"column":28},"end":{"line":65,"column":97}},"46":{"start":{"line":66,"column":33},"end":{"line":66,"column":106}},"47":{"start":{"line":67,"column":30},"end":{"line":67,"column":102}},"48":{"start":{"line":68,"column":31},"end":{"line":68,"column":109}},"49":{"start":{"line":69,"column":34},"end":{"line":69,"column":107}},"50":{"start":{"line":70,"column":34},"end":{"line":70,"column":110}},"51":{"start":{"line":71,"column":36},"end":{"line":71,"column":111}},"52":{"start":{"line":72,"column":28},"end":{"line":72,"column":71}},"53":{"start":{"line":73,"column":31},"end":{"line":73,"column":65}},"54":{"start":{"line":74,"column":33},"end":{"line":74,"column":69}},"55":{"start":{"line":76,"column":2},"end":{"line":77,"column":75}},"56":{"start":{"line":79,"column":24},"end":{"line":79,"column":102}},"57":{"start":{"line":79,"column":33},"end":{"line":79,"column":101}},"58":{"start":{"line":81,"column":16},"end":{"line":88,"column":4}},"59":{"start":{"line":82,"column":2},"end":{"line":87,"column":3}},"60":{"start":{"line":83,"column":17},"end":{"line":83,"column":43}},"61":{"start":{"line":84,"column":4},"end":{"line":84,"column":43}},"62":{"start":{"line":86,"column":4},"end":{"line":86,"column":14}},"63":{"start":{"line":90,"column":24},"end":{"line":103,"column":1}},"64":{"start":{"line":91,"column":2},"end":{"line":97,"column":3}},"65":{"start":{"line":93,"column":4},"end":{"line":96,"column":6}},"66":{"start":{"line":98,"column":2},"end":{"line":101,"column":3}},"67":{"start":{"line":100,"column":4},"end":{"line":100,"column":67}},"68":{"start":{"line":102,"column":2},"end":{"line":102,"column":59}},"69":{"start":{"line":106,"column":2},"end":{"line":108,"column":10}},"70":{"start":{"line":113,"column":2},"end":{"line":117,"column":46}},"71":{"start":{"line":118,"column":24},"end":{"line":125,"column":4}},"72":{"start":{"line":119,"column":2},"end":{"line":124,"column":3}},"73":{"start":{"line":120,"column":21},"end":{"line":120,"column":54}},"74":{"start":{"line":121,"column":4},"end":{"line":121,"column":73}},"75":{"start":{"line":123,"column":4},"end":{"line":123,"column":27}},"76":{"start":{"line":127,"column":23},"end":{"line":135,"column":1}},"77":{"start":{"line":131,"column":18},"end":{"line":131,"column":27}},"78":{"start":{"line":132,"column":21},"end":{"line":132,"column":40}},"79":{"start":{"line":133,"column":18},"end":{"line":133,"column":38}},"80":{"start":{"line":138,"column":17},"end":{"line":138,"column":69}},"81":{"start":{"line":139,"column":26},"end":{"line":141,"column":12}},"82":{"start":{"line":142,"column":20},"end":{"line":142,"column":115}},"83":{"start":{"line":144,"column":32},"end":{"line":144,"column":75}},"84":{"start":{"line":145,"column":32},"end":{"line":145,"column":83}},"85":{"start":{"line":146,"column":31},"end":{"line":146,"column":73}},"86":{"start":{"line":147,"column":31},"end":{"line":147,"column":81}},"87":{"start":{"line":148,"column":37},"end":{"line":148,"column":77}},"88":{"start":{"line":149,"column":37},"end":{"line":149,"column":85}},"89":{"start":{"line":150,"column":32},"end":{"line":155,"column":2}},"90":{"start":{"line":156,"column":32},"end":{"line":156,"column":91}},"91":{"start":{"line":158,"column":17},"end":{"line":158,"column":38}},"92":{"start":{"line":160,"column":22},"end":{"line":168,"column":1}},"93":{"start":{"line":170,"column":26},"end":{"line":173,"column":1}},"94":{"start":{"line":171,"column":2},"end":{"line":171,"column":65}},"95":{"start":{"line":171,"column":30},"end":{"line":171,"column":65}},"96":{"start":{"line":172,"column":2},"end":{"line":172,"column":84}},"97":{"start":{"line":175,"column":19},"end":{"line":181,"column":1}},"98":{"start":{"line":176,"column":14},"end":{"line":176,"column":72}},"99":{"start":{"line":177,"column":15},"end":{"line":179,"column":4}},"100":{"start":{"line":180,"column":2},"end":{"line":180,"column":36}},"101":{"start":{"line":183,"column":19},"end":{"line":195,"column":1}},"102":{"start":{"line":184,"column":14},"end":{"line":184,"column":101}},"103":{"start":{"line":185,"column":2},"end":{"line":194,"column":3}},"104":{"start":{"line":186,"column":4},"end":{"line":188,"column":7}},"105":{"start":{"line":191,"column":4},"end":{"line":193,"column":7}},"106":{"start":{"line":197,"column":26},"end":{"line":214,"column":1}},"107":{"start":{"line":198,"column":2},"end":{"line":213,"column":3}},"108":{"start":{"line":199,"column":14},"end":{"line":199,"column":18}},"109":{"start":{"line":200,"column":4},"end":{"line":204,"column":5}},"110":{"start":{"line":201,"column":6},"end":{"line":201,"column":50}},"111":{"start":{"line":202,"column":11},"end":{"line":204,"column":5}},"112":{"start":{"line":203,"column":6},"end":{"line":203,"column":57}},"113":{"start":{"line":205,"column":4},"end":{"line":205,"column":21}},"114":{"start":{"line":205,"column":14},"end":{"line":205,"column":21}},"115":{"start":{"line":206,"column":19},"end":{"line":206,"column":34}},"116":{"start":{"line":207,"column":4},"end":{"line":209,"column":5}},"117":{"start":{"line":208,"column":6},"end":{"line":208,"column":13}},"118":{"start":{"line":210,"column":4},"end":{"line":210,"column":41}},"119":{"start":{"line":212,"column":4},"end":{"line":212,"column":83}},"120":{"start":{"line":216,"column":26},"end":{"line":227,"column":1}},"121":{"start":{"line":217,"column":2},"end":{"line":226,"column":3}},"122":{"start":{"line":218,"column":20},"end":{"line":218,"column":58}},"123":{"start":{"line":219,"column":4},"end":{"line":222,"column":5}},"124":{"start":{"line":220,"column":6},"end":{"line":220,"column":53}},"125":{"start":{"line":221,"column":6},"end":{"line":221,"column":13}},"126":{"start":{"line":223,"column":4},"end":{"line":223,"column":51}},"127":{"start":{"line":225,"column":4},"end":{"line":225,"column":76}},"128":{"start":{"line":229,"column":32},"end":{"line":244,"column":1}},"129":{"start":{"line":230,"column":2},"end":{"line":230,"column":42}},"130":{"start":{"line":230,"column":30},"end":{"line":230,"column":42}},"131":{"start":{"line":231,"column":2},"end":{"line":233,"column":12}},"132":{"start":{"line":232,"column":4},"end":{"line":232,"column":57}},"133":{"start":{"line":234,"column":2},"end":{"line":236,"column":12}},"134":{"start":{"line":235,"column":4},"end":{"line":235,"column":55}},"135":{"start":{"line":237,"column":2},"end":{"line":239,"column":12}},"136":{"start":{"line":238,"column":4},"end":{"line":238,"column":68}},"137":{"start":{"line":240,"column":2},"end":{"line":242,"column":12}},"138":{"start":{"line":241,"column":4},"end":{"line":241,"column":66}},"139":{"start":{"line":243,"column":2},"end":{"line":243,"column":14}},"140":{"start":{"line":246,"column":36},"end":{"line":261,"column":1}},"141":{"start":{"line":247,"column":18},"end":{"line":247,"column":96}},"142":{"start":{"line":248,"column":12},"end":{"line":248,"column":106}},"143":{"start":{"line":249,"column":2},"end":{"line":254,"column":3}},"144":{"start":{"line":250,"column":17},"end":{"line":250,"column":42}},"145":{"start":{"line":251,"column":15},"end":{"line":251,"column":40}},"146":{"start":{"line":252,"column":19},"end":{"line":252,"column":87}},"147":{"start":{"line":253,"column":4},"end":{"line":253,"column":65}},"148":{"start":{"line":255,"column":13},"end":{"line":255,"column":60}},"149":{"start":{"line":256,"column":2},"end":{"line":259,"column":3}},"150":{"start":{"line":257,"column":19},"end":{"line":257,"column":32}},"151":{"start":{"line":258,"column":4},"end":{"line":258,"column":65}},"152":{"start":{"line":260,"column":2},"end":{"line":260,"column":14}},"153":{"start":{"line":263,"column":30},"end":{"line":323,"column":1}},"154":{"start":{"line":264,"column":2},"end":{"line":264,"column":38}},"155":{"start":{"line":264,"column":31},"end":{"line":264,"column":38}},"156":{"start":{"line":265,"column":2},"end":{"line":265,"column":33}},"157":{"start":{"line":265,"column":26},"end":{"line":265,"column":33}},"158":{"start":{"line":266,"column":2},"end":{"line":266,"column":81}},"159":{"start":{"line":266,"column":74},"end":{"line":266,"column":81}},"160":{"start":{"line":268,"column":17},"end":{"line":268,"column":57}},"161":{"start":{"line":270,"column":4},"end":{"line":272,"column":95}},"162":{"start":{"line":274,"column":2},"end":{"line":274,"column":33}},"163":{"start":{"line":274,"column":26},"end":{"line":274,"column":33}},"164":{"start":{"line":276,"column":17},"end":{"line":276,"column":18}},"165":{"start":{"line":277,"column":18},"end":{"line":277,"column":56}},"166":{"start":{"line":278,"column":2},"end":{"line":320,"column":3}},"167":{"start":{"line":279,"column":20},"end":{"line":279,"column":76}},"168":{"start":{"line":280,"column":15},"end":{"line":280,"column":17}},"169":{"start":{"line":281,"column":4},"end":{"line":295,"column":5}},"170":{"start":{"line":282,"column":6},"end":{"line":286,"column":9}},"171":{"start":{"line":287,"column":6},"end":{"line":287,"column":20}},"172":{"start":{"line":289,"column":24},"end":{"line":289,"column":54}},"173":{"start":{"line":290,"column":6},"end":{"line":293,"column":7}},"174":{"start":{"line":291,"column":8},"end":{"line":291,"column":30}},"175":{"start":{"line":292,"column":8},"end":{"line":292,"column":17}},"176":{"start":{"line":294,"column":6},"end":{"line":294,"column":14}},"177":{"start":{"line":297,"column":4},"end":{"line":314,"column":5}},"178":{"start":{"line":298,"column":21},"end":{"line":298,"column":37}},"179":{"start":{"line":299,"column":6},"end":{"line":299,"column":28}},"180":{"start":{"line":299,"column":19},"end":{"line":299,"column":28}},"181":{"start":{"line":301,"column":6},"end":{"line":304,"column":7}},"182":{"start":{"line":302,"column":8},"end":{"line":302,"column":42}},"183":{"start":{"line":303,"column":8},"end":{"line":303,"column":17}},"184":{"start":{"line":306,"column":6},"end":{"line":313,"column":7}},"185":{"start":{"line":307,"column":8},"end":{"line":307,"column":41}},"186":{"start":{"line":308,"column":23},"end":{"line":308,"column":56}},"187":{"start":{"line":309,"column":8},"end":{"line":312,"column":9}},"188":{"start":{"line":310,"column":22},"end":{"line":310,"column":36}},"189":{"start":{"line":311,"column":10},"end":{"line":311,"column":91}},"190":{"start":{"line":316,"column":4},"end":{"line":316,"column":47}},"191":{"start":{"line":317,"column":4},"end":{"line":317,"column":43}},"192":{"start":{"line":318,"column":4},"end":{"line":318,"column":58}},"193":{"start":{"line":319,"column":4},"end":{"line":319,"column":28}},"194":{"start":{"line":322,"column":2},"end":{"line":322,"column":28}},"195":{"start":{"line":325,"column":0},"end":{"line":325,"column":104}},"196":{"start":{"line":325,"column":33},"end":{"line":325,"column":102}},"197":{"start":{"line":328,"column":11},"end":{"line":328,"column":15}},"198":{"start":{"line":329,"column":17},"end":{"line":329,"column":21}},"199":{"start":{"line":331,"column":20},"end":{"line":335,"column":1}},"200":{"start":{"line":332,"column":17},"end":{"line":332,"column":68}},"201":{"start":{"line":332,"column":46},"end":{"line":332,"column":67}},"202":{"start":{"line":333,"column":2},"end":{"line":333,"column":88}},"203":{"start":{"line":334,"column":2},"end":{"line":334,"column":53}},"204":{"start":{"line":337,"column":0},"end":{"line":337,"column":14}},"205":{"start":{"line":340,"column":25},"end":{"line":340,"column":65}},"206":{"start":{"line":341,"column":27},"end":{"line":341,"column":29}},"207":{"start":{"line":342,"column":22},"end":{"line":342,"column":31}},"208":{"start":{"line":344,"column":29},"end":{"line":358,"column":1}},"209":{"start":{"line":345,"column":13},"end":{"line":345,"column":15}},"210":{"start":{"line":346,"column":2},"end":{"line":353,"column":3}},"211":{"start":{"line":347,"column":4},"end":{"line":347,"column":37}},"212":{"start":{"line":347,"column":26},"end":{"line":347,"column":35}},"213":{"start":{"line":348,"column":9},"end":{"line":353,"column":3}},"214":{"start":{"line":349,"column":4},"end":{"line":352,"column":23}},"215":{"start":{"line":351,"column":18},"end":{"line":351,"column":26}},"216":{"start":{"line":354,"column":21},"end":{"line":356,"column":37}},"217":{"start":{"line":355,"column":19},"end":{"line":355,"column":38}},"218":{"start":{"line":356,"column":16},"end":{"line":356,"column":36}},"219":{"start":{"line":357,"column":2},"end":{"line":357,"column":41}},"220":{"start":{"line":360,"column":26},"end":{"line":365,"column":1}},"221":{"start":{"line":361,"column":17},"end":{"line":361,"column":63}},"222":{"start":{"line":361,"column":41},"end":{"line":361,"column":62}},"223":{"start":{"line":362,"column":12},"end":{"line":362,"column":90}},"224":{"start":{"line":363,"column":15},"end":{"line":363,"column":49}},"225":{"start":{"line":364,"column":2},"end":{"line":364,"column":39}},"226":{"start":{"line":367,"column":31},"end":{"line":373,"column":1}},"227":{"start":{"line":368,"column":2},"end":{"line":372,"column":3}},"228":{"start":{"line":369,"column":4},"end":{"line":369,"column":84}},"229":{"start":{"line":371,"column":4},"end":{"line":371,"column":71}},"230":{"start":{"line":375,"column":31},"end":{"line":391,"column":1}},"231":{"start":{"line":376,"column":2},"end":{"line":390,"column":3}},"232":{"start":{"line":377,"column":4},"end":{"line":377,"column":49}},"233":{"start":{"line":377,"column":42},"end":{"line":377,"column":49}},"234":{"start":{"line":378,"column":16},"end":{"line":378,"column":57}},"235":{"start":{"line":379,"column":19},"end":{"line":379,"column":34}},"236":{"start":{"line":380,"column":4},"end":{"line":380,"column":54}},"237":{"start":{"line":380,"column":47},"end":{"line":380,"column":54}},"238":{"start":{"line":381,"column":4},"end":{"line":381,"column":46}},"239":{"start":{"line":382,"column":4},"end":{"line":387,"column":7}},"240":{"start":{"line":383,"column":24},"end":{"line":383,"column":68}},"241":{"start":{"line":384,"column":44},"end":{"line":384,"column":72}},"242":{"start":{"line":385,"column":6},"end":{"line":385,"column":32}},"243":{"start":{"line":386,"column":6},"end":{"line":386,"column":64}},"244":{"start":{"line":389,"column":4},"end":{"line":389,"column":68}},"245":{"start":{"line":393,"column":29},"end":{"line":401,"column":1}},"246":{"start":{"line":394,"column":14},"end":{"line":394,"column":51}},"247":{"start":{"line":395,"column":21},"end":{"line":395,"column":52}},"248":{"start":{"line":396,"column":40},"end":{"line":396,"column":69}},"249":{"start":{"line":397,"column":2},"end":{"line":397,"column":72}},"250":{"start":{"line":398,"column":2},"end":{"line":398,"column":28}},"251":{"start":{"line":399,"column":2},"end":{"line":399,"column":27}},"252":{"start":{"line":400,"column":2},"end":{"line":400,"column":56}},"253":{"start":{"line":403,"column":29},"end":{"line":407,"column":1}},"254":{"start":{"line":404,"column":2},"end":{"line":404,"column":36}},"255":{"start":{"line":404,"column":24},"end":{"line":404,"column":36}},"256":{"start":{"line":405,"column":14},"end":{"line":405,"column":51}},"257":{"start":{"line":406,"column":2},"end":{"line":406,"column":41}},"258":{"start":{"line":409,"column":24},"end":{"line":413,"column":1}},"259":{"start":{"line":410,"column":2},"end":{"line":410,"column":36}},"260":{"start":{"line":410,"column":24},"end":{"line":410,"column":36}},"261":{"start":{"line":411,"column":14},"end":{"line":411,"column":51}},"262":{"start":{"line":412,"column":2},"end":{"line":412,"column":40}},"263":{"start":{"line":415,"column":0},"end":{"line":415,"column":25}},"264":{"start":{"line":417,"column":26},"end":{"line":429,"column":1}},"265":{"start":{"line":431,"column":28},"end":{"line":431,"column":67}},"266":{"start":{"line":434,"column":2},"end":{"line":437,"column":3}},"267":{"start":{"line":435,"column":4},"end":{"line":435,"column":74}},"268":{"start":{"line":436,"column":4},"end":{"line":436,"column":59}},"269":{"start":{"line":439,"column":2},"end":{"line":442,"column":3}},"270":{"start":{"line":440,"column":4},"end":{"line":440,"column":81}},"271":{"start":{"line":441,"column":4},"end":{"line":441,"column":61}},"272":{"start":{"line":444,"column":2},"end":{"line":447,"column":3}},"273":{"start":{"line":445,"column":4},"end":{"line":445,"column":70}},"274":{"start":{"line":446,"column":4},"end":{"line":446,"column":61}},"275":{"start":{"line":449,"column":19},"end":{"line":449,"column":93}},"276":{"start":{"line":451,"column":2},"end":{"line":473,"column":3}},"277":{"start":{"line":452,"column":24},"end":{"line":452,"column":51}},"278":{"start":{"line":453,"column":25},"end":{"line":453,"column":95}},"279":{"start":{"line":455,"column":4},"end":{"line":457,"column":5}},"280":{"start":{"line":456,"column":6},"end":{"line":456,"column":57}},"281":{"start":{"line":459,"column":4},"end":{"line":459,"column":74}},"282":{"start":{"line":459,"column":23},"end":{"line":459,"column":74}},"283":{"start":{"line":461,"column":4},"end":{"line":461,"column":90}},"284":{"start":{"line":462,"column":15},"end":{"line":462,"column":55}},"285":{"start":{"line":463,"column":4},"end":{"line":467,"column":5}},"286":{"start":{"line":464,"column":6},"end":{"line":464,"column":50}},"287":{"start":{"line":465,"column":6},"end":{"line":465,"column":70}},"288":{"start":{"line":466,"column":6},"end":{"line":466,"column":98}},"289":{"start":{"line":468,"column":4},"end":{"line":468,"column":90}},"290":{"start":{"line":469,"column":4},"end":{"line":469,"column":84}},"291":{"start":{"line":471,"column":4},"end":{"line":471,"column":59}},"292":{"start":{"line":472,"column":4},"end":{"line":472,"column":92}},"293":{"start":{"line":477,"column":18},"end":{"line":496,"column":1}},"294":{"start":{"line":499,"column":2},"end":{"line":499,"column":20}},"295":{"start":{"line":503,"column":2},"end":{"line":503,"column":37}},"296":{"start":{"line":507,"column":21},"end":{"line":513,"column":3}},"297":{"start":{"line":515,"column":2},"end":{"line":517,"column":3}},"298":{"start":{"line":516,"column":4},"end":{"line":516,"column":96}},"299":{"start":{"line":516,"column":83},"end":{"line":516,"column":96}},"300":{"start":{"line":519,"column":2},"end":{"line":519,"column":14}},"301":{"start":{"line":523,"column":15},"end":{"line":523,"column":50}},"302":{"start":{"line":524,"column":21},"end":{"line":524,"column":43}},"303":{"start":{"line":526,"column":20},"end":{"line":526,"column":24}},"304":{"start":{"line":527,"column":2},"end":{"line":533,"column":3}},"305":{"start":{"line":528,"column":4},"end":{"line":532,"column":5}},"306":{"start":{"line":529,"column":6},"end":{"line":529,"column":63}},"307":{"start":{"line":531,"column":6},"end":{"line":531,"column":25}},"308":{"start":{"line":535,"column":21},"end":{"line":535,"column":72}},"309":{"start":{"line":537,"column":4},"end":{"line":539,"column":54}},"310":{"start":{"line":541,"column":18},"end":{"line":545,"column":11}},"311":{"start":{"line":547,"column":17},"end":{"line":547,"column":44}},"312":{"start":{"line":548,"column":17},"end":{"line":548,"column":41}},"313":{"start":{"line":549,"column":14},"end":{"line":549,"column":17}},"314":{"start":{"line":550,"column":14},"end":{"line":550,"column":44}},"315":{"start":{"line":551,"column":2},"end":{"line":551,"column":58}},"316":{"start":{"line":555,"column":18},"end":{"line":555,"column":25}},"317":{"start":{"line":557,"column":24},"end":{"line":557,"column":86}},"318":{"start":{"line":558,"column":24},"end":{"line":558,"column":86}},"319":{"start":{"line":559,"column":28},"end":{"line":559,"column":99}},"320":{"start":{"line":561,"column":2},"end":{"line":578,"column":3}},"321":{"start":{"line":562,"column":4},"end":{"line":562,"column":74}},"322":{"start":{"line":562,"column":37},"end":{"line":562,"column":74}},"323":{"start":{"line":563,"column":4},"end":{"line":563,"column":112}},"324":{"start":{"line":563,"column":35},"end":{"line":563,"column":112}},"325":{"start":{"line":564,"column":4},"end":{"line":564,"column":79}},"326":{"start":{"line":565,"column":4},"end":{"line":565,"column":34}},"327":{"start":{"line":566,"column":9},"end":{"line":578,"column":3}},"328":{"start":{"line":567,"column":4},"end":{"line":567,"column":97}},"329":{"start":{"line":567,"column":37},"end":{"line":567,"column":97}},"330":{"start":{"line":568,"column":4},"end":{"line":568,"column":112}},"331":{"start":{"line":568,"column":35},"end":{"line":568,"column":112}},"332":{"start":{"line":569,"column":4},"end":{"line":569,"column":93}},"333":{"start":{"line":569,"column":35},"end":{"line":569,"column":93}},"334":{"start":{"line":570,"column":4},"end":{"line":570,"column":34}},"335":{"start":{"line":571,"column":9},"end":{"line":578,"column":3}},"336":{"start":{"line":572,"column":4},"end":{"line":572,"column":66}},"337":{"start":{"line":572,"column":33},"end":{"line":572,"column":66}},"338":{"start":{"line":573,"column":4},"end":{"line":573,"column":71}},"339":{"start":{"line":574,"column":4},"end":{"line":574,"column":67}},"340":{"start":{"line":575,"column":4},"end":{"line":575,"column":67}},"341":{"start":{"line":577,"column":4},"end":{"line":577,"column":76}},"342":{"start":{"line":582,"column":18},"end":{"line":582,"column":25}},"343":{"start":{"line":583,"column":16},"end":{"line":583,"column":36}},"344":{"start":{"line":585,"column":4},"end":{"line":585,"column":113}},"345":{"start":{"line":588,"column":4},"end":{"line":588,"column":83}},"346":{"start":{"line":590,"column":2},"end":{"line":610,"column":4}},"347":{"start":{"line":614,"column":2},"end":{"line":614,"column":18}},"348":{"start":{"line":614,"column":11},"end":{"line":614,"column":18}},"349":{"start":{"line":615,"column":2},"end":{"line":615,"column":49}},"350":{"start":{"line":615,"column":42},"end":{"line":615,"column":49}},"351":{"start":{"line":616,"column":2},"end":{"line":621,"column":5}},"352":{"start":{"line":619,"column":6},"end":{"line":619,"column":114}},"353":{"start":{"line":619,"column":23},"end":{"line":619,"column":88}},"354":{"start":{"line":625,"column":2},"end":{"line":625,"column":45}},"355":{"start":{"line":625,"column":33},"end":{"line":625,"column":45}},"356":{"start":{"line":626,"column":2},"end":{"line":626,"column":86}},"357":{"start":{"line":626,"column":74},"end":{"line":626,"column":86}},"358":{"start":{"line":627,"column":2},"end":{"line":627,"column":84}},"359":{"start":{"line":631,"column":2},"end":{"line":631,"column":33}},"360":{"start":{"line":631,"column":26},"end":{"line":631,"column":33}},"361":{"start":{"line":633,"column":2},"end":{"line":637,"column":3}},"362":{"start":{"line":634,"column":4},"end":{"line":634,"column":30}},"363":{"start":{"line":635,"column":4},"end":{"line":635,"column":52}},"364":{"start":{"line":636,"column":4},"end":{"line":636,"column":11}},"365":{"start":{"line":639,"column":2},"end":{"line":643,"column":3}},"366":{"start":{"line":640,"column":4},"end":{"line":640,"column":30}},"367":{"start":{"line":641,"column":4},"end":{"line":641,"column":54}},"368":{"start":{"line":642,"column":4},"end":{"line":642,"column":11}},"369":{"start":{"line":645,"column":2},"end":{"line":649,"column":3}},"370":{"start":{"line":646,"column":4},"end":{"line":646,"column":30}},"371":{"start":{"line":647,"column":4},"end":{"line":647,"column":51}},"372":{"start":{"line":648,"column":4},"end":{"line":648,"column":11}},"373":{"start":{"line":651,"column":19},"end":{"line":651,"column":42}},"374":{"start":{"line":652,"column":2},"end":{"line":656,"column":3}},"375":{"start":{"line":653,"column":4},"end":{"line":653,"column":30}},"376":{"start":{"line":654,"column":4},"end":{"line":654,"column":50}},"377":{"start":{"line":655,"column":4},"end":{"line":655,"column":11}},"378":{"start":{"line":658,"column":2},"end":{"line":670,"column":3}},"379":{"start":{"line":659,"column":39},"end":{"line":659,"column":102}},"380":{"start":{"line":660,"column":4},"end":{"line":660,"column":96}},"381":{"start":{"line":661,"column":4},"end":{"line":665,"column":5}},"382":{"start":{"line":662,"column":6},"end":{"line":662,"column":32}},"383":{"start":{"line":663,"column":6},"end":{"line":663,"column":57}},"384":{"start":{"line":664,"column":6},"end":{"line":664,"column":13}},"385":{"start":{"line":667,"column":4},"end":{"line":667,"column":30}},"386":{"start":{"line":668,"column":4},"end":{"line":668,"column":52}},"387":{"start":{"line":669,"column":4},"end":{"line":669,"column":11}},"388":{"start":{"line":673,"column":2},"end":{"line":680,"column":3}},"389":{"start":{"line":674,"column":18},"end":{"line":674,"column":48}},"390":{"start":{"line":675,"column":4},"end":{"line":677,"column":5}},"391":{"start":{"line":676,"column":6},"end":{"line":676,"column":32}},"392":{"start":{"line":684,"column":2},"end":{"line":684,"column":33}},"393":{"start":{"line":684,"column":26},"end":{"line":684,"column":33}},"394":{"start":{"line":685,"column":2},"end":{"line":685,"column":38}},"395":{"start":{"line":685,"column":31},"end":{"line":685,"column":38}},"396":{"start":{"line":687,"column":19},"end":{"line":687,"column":42}},"397":{"start":{"line":688,"column":2},"end":{"line":688,"column":24}},"398":{"start":{"line":688,"column":17},"end":{"line":688,"column":24}},"399":{"start":{"line":690,"column":2},"end":{"line":766,"column":3}},"400":{"start":{"line":691,"column":18},"end":{"line":691,"column":48}},"401":{"start":{"line":692,"column":4},"end":{"line":692,"column":40}},"402":{"start":{"line":695,"column":4},"end":{"line":697,"column":5}},"403":{"start":{"line":696,"column":6},"end":{"line":696,"column":13}},"404":{"start":{"line":699,"column":4},"end":{"line":699,"column":30}},"405":{"start":{"line":700,"column":20},"end":{"line":700,"column":27}},"406":{"start":{"line":702,"column":30},"end":{"line":702,"column":128}},"407":{"start":{"line":703,"column":25},"end":{"line":703,"column":123}},"408":{"start":{"line":704,"column":24},"end":{"line":704,"column":138}},"409":{"start":{"line":706,"column":4},"end":{"line":706,"column":68}},"410":{"start":{"line":706,"column":61},"end":{"line":706,"column":68}},"411":{"start":{"line":708,"column":4},"end":{"line":708,"column":35}},"412":{"start":{"line":709,"column":4},"end":{"line":709,"column":40}},"413":{"start":{"line":710,"column":4},"end":{"line":710,"column":31}},"414":{"start":{"line":711,"column":4},"end":{"line":711,"column":35}},"415":{"start":{"line":712,"column":4},"end":{"line":712,"column":36}},"416":{"start":{"line":714,"column":19},"end":{"line":714,"column":104}},"417":{"start":{"line":717,"column":4},"end":{"line":732,"column":5}},"418":{"start":{"line":718,"column":6},"end":{"line":718,"column":42}},"419":{"start":{"line":720,"column":24},"end":{"line":720,"column":66}},"420":{"start":{"line":721,"column":6},"end":{"line":721,"column":38}},"421":{"start":{"line":722,"column":6},"end":{"line":722,"column":40}},"422":{"start":{"line":723,"column":6},"end":{"line":723,"column":39}},"423":{"start":{"line":726,"column":6},"end":{"line":729,"column":7}},"424":{"start":{"line":727,"column":8},"end":{"line":727,"column":34}},"425":{"start":{"line":728,"column":8},"end":{"line":728,"column":59}},"426":{"start":{"line":731,"column":6},"end":{"line":731,"column":13}},"427":{"start":{"line":734,"column":4},"end":{"line":758,"column":5}},"428":{"start":{"line":735,"column":17},"end":{"line":735,"column":45}},"429":{"start":{"line":736,"column":6},"end":{"line":736,"column":26}},"430":{"start":{"line":737,"column":6},"end":{"line":737,"column":43}},"431":{"start":{"line":738,"column":6},"end":{"line":738,"column":45}},"432":{"start":{"line":739,"column":6},"end":{"line":739,"column":36}},"433":{"start":{"line":740,"column":11},"end":{"line":758,"column":5}},"434":{"start":{"line":741,"column":17},"end":{"line":741,"column":48}},"435":{"start":{"line":742,"column":6},"end":{"line":742,"column":26}},"436":{"start":{"line":743,"column":6},"end":{"line":743,"column":43}},"437":{"start":{"line":744,"column":6},"end":{"line":744,"column":45}},"438":{"start":{"line":745,"column":6},"end":{"line":745,"column":39}},"439":{"start":{"line":746,"column":11},"end":{"line":758,"column":5}},"440":{"start":{"line":747,"column":17},"end":{"line":747,"column":47}},"441":{"start":{"line":748,"column":6},"end":{"line":748,"column":26}},"442":{"start":{"line":749,"column":6},"end":{"line":749,"column":43}},"443":{"start":{"line":750,"column":6},"end":{"line":750,"column":45}},"444":{"start":{"line":751,"column":6},"end":{"line":751,"column":29}},"445":{"start":{"line":752,"column":6},"end":{"line":752,"column":43}},"446":{"start":{"line":753,"column":6},"end":{"line":753,"column":38}},"447":{"start":{"line":754,"column":6},"end":{"line":754,"column":38}},"448":{"start":{"line":755,"column":6},"end":{"line":755,"column":36}},"449":{"start":{"line":756,"column":6},"end":{"line":756,"column":33}},"450":{"start":{"line":757,"column":6},"end":{"line":757,"column":28}},"451":{"start":{"line":760,"column":4},"end":{"line":760,"column":54}},"452":{"start":{"line":761,"column":4},"end":{"line":761,"column":78}},"453":{"start":{"line":762,"column":4},"end":{"line":762,"column":38}},"454":{"start":{"line":763,"column":4},"end":{"line":763,"column":59}},"455":{"start":{"line":765,"column":4},"end":{"line":765,"column":36}},"456":{"start":{"line":769,"column":0},"end":{"line":769,"column":64}},"457":{"start":{"line":770,"column":0},"end":{"line":770,"column":34}},"458":{"start":{"line":771,"column":0},"end":{"line":771,"column":63}},"459":{"start":{"line":772,"column":0},"end":{"line":772,"column":45}},"460":{"start":{"line":773,"column":0},"end":{"line":773,"column":64}},"461":{"start":{"line":778,"column":0},"end":{"line":824,"column":3}},"462":{"start":{"line":779,"column":18},"end":{"line":779,"column":54}},"463":{"start":{"line":780,"column":26},"end":{"line":780,"column":100}},"464":{"start":{"line":781,"column":18},"end":{"line":781,"column":76}},"465":{"start":{"line":783,"column":2},"end":{"line":785,"column":3}},"466":{"start":{"line":784,"column":4},"end":{"line":784,"column":84}},"467":{"start":{"line":787,"column":2},"end":{"line":815,"column":3}},"468":{"start":{"line":788,"column":4},"end":{"line":790,"column":5}},"469":{"start":{"line":789,"column":6},"end":{"line":789,"column":90}},"470":{"start":{"line":791,"column":4},"end":{"line":793,"column":5}},"471":{"start":{"line":792,"column":6},"end":{"line":792,"column":98}},"472":{"start":{"line":796,"column":4},"end":{"line":798,"column":5}},"473":{"start":{"line":797,"column":6},"end":{"line":797,"column":88}},"474":{"start":{"line":800,"column":22},"end":{"line":800,"column":59}},"475":{"start":{"line":801,"column":4},"end":{"line":803,"column":5}},"476":{"start":{"line":802,"column":6},"end":{"line":802,"column":106}},"477":{"start":{"line":805,"column":23},"end":{"line":805,"column":49}},"478":{"start":{"line":806,"column":23},"end":{"line":808,"column":5}},"479":{"start":{"line":807,"column":17},"end":{"line":807,"column":73}},"480":{"start":{"line":810,"column":4},"end":{"line":812,"column":5}},"481":{"start":{"line":811,"column":6},"end":{"line":811,"column":43}},"482":{"start":{"line":814,"column":4},"end":{"line":814,"column":70}},"483":{"start":{"line":818,"column":17},"end":{"line":818,"column":102}},"484":{"start":{"line":818,"column":37},"end":{"line":818,"column":101}},"485":{"start":{"line":819,"column":2},"end":{"line":821,"column":3}},"486":{"start":{"line":820,"column":4},"end":{"line":820,"column":41}},"487":{"start":{"line":823,"column":2},"end":{"line":823,"column":72}},"488":{"start":{"line":827,"column":0},"end":{"line":853,"column":3}},"489":{"start":{"line":828,"column":26},"end":{"line":828,"column":100}},"490":{"start":{"line":829,"column":2},"end":{"line":849,"column":3}},"491":{"start":{"line":830,"column":4},"end":{"line":832,"column":5}},"492":{"start":{"line":831,"column":6},"end":{"line":831,"column":73}},"493":{"start":{"line":834,"column":4},"end":{"line":836,"column":5}},"494":{"start":{"line":835,"column":6},"end":{"line":835,"column":109}},"495":{"start":{"line":838,"column":22},"end":{"line":838,"column":59}},"496":{"start":{"line":839,"column":4},"end":{"line":841,"column":5}},"497":{"start":{"line":840,"column":6},"end":{"line":840,"column":88}},"498":{"start":{"line":843,"column":4},"end":{"line":848,"column":7}},"499":{"start":{"line":852,"column":2},"end":{"line":852,"column":45}},"500":{"start":{"line":856,"column":0},"end":{"line":900,"column":3}},"501":{"start":{"line":857,"column":18},"end":{"line":857,"column":57}},"502":{"start":{"line":858,"column":2},"end":{"line":860,"column":3}},"503":{"start":{"line":859,"column":4},"end":{"line":859,"column":62}},"504":{"start":{"line":862,"column":26},"end":{"line":862,"column":100}},"505":{"start":{"line":863,"column":19},"end":{"line":863,"column":23}},"506":{"start":{"line":864,"column":21},"end":{"line":864,"column":25}},"507":{"start":{"line":866,"column":2},"end":{"line":880,"column":3}},"508":{"start":{"line":867,"column":4},"end":{"line":869,"column":5}},"509":{"start":{"line":868,"column":6},"end":{"line":868,"column":73}},"510":{"start":{"line":870,"column":4},"end":{"line":879,"column":5}},"511":{"start":{"line":871,"column":6},"end":{"line":871,"column":24}},"512":{"start":{"line":872,"column":6},"end":{"line":872,"column":26}},"513":{"start":{"line":874,"column":6},"end":{"line":874,"column":52}},"514":{"start":{"line":875,"column":6},"end":{"line":875,"column":27}},"515":{"start":{"line":876,"column":6},"end":{"line":878,"column":7}},"516":{"start":{"line":877,"column":8},"end":{"line":877,"column":90}},"517":{"start":{"line":882,"column":2},"end":{"line":884,"column":3}},"518":{"start":{"line":883,"column":4},"end":{"line":883,"column":73}},"519":{"start":{"line":886,"column":21},"end":{"line":886,"column":47}},"520":{"start":{"line":889,"column":2},"end":{"line":891,"column":3}},"521":{"start":{"line":890,"column":4},"end":{"line":890,"column":84}},"522":{"start":{"line":893,"column":15},"end":{"line":893,"column":42}},"523":{"start":{"line":894,"column":24},"end":{"line":894,"column":49}},"524":{"start":{"line":895,"column":13},"end":{"line":895,"column":73}},"525":{"start":{"line":896,"column":2},"end":{"line":896,"column":66}},"526":{"start":{"line":896,"column":11},"end":{"line":896,"column":66}},"527":{"start":{"line":898,"column":16},"end":{"line":898,"column":71}},"528":{"start":{"line":898,"column":41},"end":{"line":898,"column":70}},"529":{"start":{"line":899,"column":2},"end":{"line":899,"column":29}},"530":{"start":{"line":903,"column":0},"end":{"line":922,"column":3}},"531":{"start":{"line":904,"column":26},"end":{"line":904,"column":72}},"532":{"start":{"line":905,"column":2},"end":{"line":907,"column":3}},"533":{"start":{"line":906,"column":4},"end":{"line":906,"column":80}},"534":{"start":{"line":909,"column":2},"end":{"line":911,"column":3}},"535":{"start":{"line":910,"column":4},"end":{"line":910,"column":95}},"536":{"start":{"line":913,"column":20},"end":{"line":913,"column":39}},"537":{"start":{"line":914,"column":38},"end":{"line":914,"column":92}},"538":{"start":{"line":916,"column":2},"end":{"line":921,"column":5}},"539":{"start":{"line":925,"column":0},"end":{"line":941,"column":3}},"540":{"start":{"line":926,"column":26},"end":{"line":926,"column":74}},"541":{"start":{"line":927,"column":2},"end":{"line":929,"column":3}},"542":{"start":{"line":928,"column":4},"end":{"line":928,"column":80}},"543":{"start":{"line":931,"column":20},"end":{"line":931,"column":57}},"544":{"start":{"line":932,"column":2},"end":{"line":934,"column":3}},"545":{"start":{"line":933,"column":4},"end":{"line":933,"column":86}},"546":{"start":{"line":936,"column":2},"end":{"line":940,"column":5}},"547":{"start":{"line":944,"column":0},"end":{"line":968,"column":3}},"548":{"start":{"line":945,"column":2},"end":{"line":947,"column":3}},"549":{"start":{"line":946,"column":4},"end":{"line":946,"column":121}},"550":{"start":{"line":949,"column":14},"end":{"line":949,"column":18}},"551":{"start":{"line":950,"column":2},"end":{"line":965,"column":3}},"552":{"start":{"line":951,"column":4},"end":{"line":964,"column":5}},"553":{"start":{"line":952,"column":23},"end":{"line":952,"column":46}},"554":{"start":{"line":953,"column":6},"end":{"line":953,"column":59}},"555":{"start":{"line":953,"column":20},"end":{"line":953,"column":59}},"556":{"start":{"line":954,"column":6},"end":{"line":954,"column":52}},"557":{"start":{"line":954,"column":26},"end":{"line":954,"column":52}},"558":{"start":{"line":957,"column":6},"end":{"line":961,"column":7}},"559":{"start":{"line":958,"column":8},"end":{"line":958,"column":35}},"560":{"start":{"line":959,"column":8},"end":{"line":959,"column":39}},"561":{"start":{"line":960,"column":8},"end":{"line":960,"column":40}},"562":{"start":{"line":967,"column":2},"end":{"line":967,"column":48}},"563":{"start":{"line":971,"column":0},"end":{"line":991,"column":3}},"564":{"start":{"line":972,"column":2},"end":{"line":974,"column":3}},"565":{"start":{"line":973,"column":4},"end":{"line":973,"column":121}},"566":{"start":{"line":976,"column":2},"end":{"line":978,"column":3}},"567":{"start":{"line":977,"column":4},"end":{"line":977,"column":70}},"568":{"start":{"line":980,"column":2},"end":{"line":984,"column":3}},"569":{"start":{"line":981,"column":4},"end":{"line":981,"column":34}},"570":{"start":{"line":983,"column":4},"end":{"line":983,"column":64}},"571":{"start":{"line":986,"column":2},"end":{"line":990,"column":5}},"572":{"start":{"line":994,"column":0},"end":{"line":1005,"column":3}},"573":{"start":{"line":995,"column":2},"end":{"line":997,"column":3}},"574":{"start":{"line":996,"column":4},"end":{"line":996,"column":68}},"575":{"start":{"line":998,"column":2},"end":{"line":998,"column":31}},"576":{"start":{"line":999,"column":14},"end":{"line":999,"column":18}},"577":{"start":{"line":1000,"column":2},"end":{"line":1003,"column":12}},"578":{"start":{"line":1001,"column":21},"end":{"line":1001,"column":44}},"579":{"start":{"line":1002,"column":4},"end":{"line":1002,"column":57}},"580":{"start":{"line":1002,"column":18},"end":{"line":1002,"column":57}},"581":{"start":{"line":1004,"column":2},"end":{"line":1004,"column":48}},"582":{"start":{"line":1008,"column":0},"end":{"line":1130,"column":3}},"583":{"start":{"line":1009,"column":2},"end":{"line":1013,"column":3}},"584":{"start":{"line":1010,"column":4},"end":{"line":1012,"column":7}},"585":{"start":{"line":1015,"column":18},"end":{"line":1015,"column":56}},"586":{"start":{"line":1016,"column":2},"end":{"line":1016,"column":102}},"587":{"start":{"line":1016,"column":34},"end":{"line":1016,"column":102}},"588":{"start":{"line":1018,"column":21},"end":{"line":1018,"column":47}},"589":{"start":{"line":1019,"column":2},"end":{"line":1019,"column":51}},"590":{"start":{"line":1021,"column":2},"end":{"line":1129,"column":3}},"591":{"start":{"line":1022,"column":22},"end":{"line":1022,"column":27}},"592":{"start":{"line":1024,"column":28},"end":{"line":1024,"column":100}},"593":{"start":{"line":1024,"column":55},"end":{"line":1024,"column":99}},"594":{"start":{"line":1025,"column":4},"end":{"line":1062,"column":5}},"595":{"start":{"line":1028,"column":6},"end":{"line":1034,"column":7}},"596":{"start":{"line":1029,"column":8},"end":{"line":1033,"column":11}},"597":{"start":{"line":1037,"column":6},"end":{"line":1054,"column":7}},"598":{"start":{"line":1038,"column":29},"end":{"line":1038,"column":100}},"599":{"start":{"line":1039,"column":43},"end":{"line":1039,"column":110}},"600":{"start":{"line":1040,"column":8},"end":{"line":1047,"column":9}},"601":{"start":{"line":1041,"column":10},"end":{"line":1046,"column":13}},"602":{"start":{"line":1049,"column":8},"end":{"line":1053,"column":11}},"603":{"start":{"line":1056,"column":6},"end":{"line":1056,"column":38}},"604":{"start":{"line":1057,"column":6},"end":{"line":1057,"column":20}},"605":{"start":{"line":1058,"column":6},"end":{"line":1058,"column":25}},"606":{"start":{"line":1059,"column":6},"end":{"line":1059,"column":59}},"607":{"start":{"line":1061,"column":6},"end":{"line":1061,"column":46}},"608":{"start":{"line":1065,"column":4},"end":{"line":1080,"column":5}},"609":{"start":{"line":1066,"column":22},"end":{"line":1066,"column":59}},"610":{"start":{"line":1067,"column":6},"end":{"line":1077,"column":7}},"611":{"start":{"line":1068,"column":8},"end":{"line":1068,"column":62}},"612":{"start":{"line":1069,"column":19},"end":{"line":1072,"column":10}},"613":{"start":{"line":1073,"column":8},"end":{"line":1075,"column":9}},"614":{"start":{"line":1074,"column":10},"end":{"line":1074,"column":54}},"615":{"start":{"line":1076,"column":8},"end":{"line":1076,"column":61}},"616":{"start":{"line":1079,"column":6},"end":{"line":1079,"column":74}},"617":{"start":{"line":1083,"column":17},"end":{"line":1085,"column":51}},"618":{"start":{"line":1088,"column":4},"end":{"line":1095,"column":5}},"619":{"start":{"line":1089,"column":6},"end":{"line":1094,"column":9}},"620":{"start":{"line":1098,"column":16},"end":{"line":1098,"column":20}},"621":{"start":{"line":1099,"column":4},"end":{"line":1117,"column":5}},"622":{"start":{"line":1100,"column":6},"end":{"line":1116,"column":7}},"623":{"start":{"line":1101,"column":25},"end":{"line":1101,"column":48}},"624":{"start":{"line":1102,"column":8},"end":{"line":1113,"column":9}},"625":{"start":{"line":1103,"column":10},"end":{"line":1103,"column":49}},"626":{"start":{"line":1104,"column":10},"end":{"line":1112,"column":11}},"627":{"start":{"line":1105,"column":12},"end":{"line":1105,"column":35}},"628":{"start":{"line":1106,"column":12},"end":{"line":1106,"column":49}},"629":{"start":{"line":1107,"column":12},"end":{"line":1107,"column":44}},"630":{"start":{"line":1108,"column":12},"end":{"line":1108,"column":44}},"631":{"start":{"line":1109,"column":12},"end":{"line":1109,"column":42}},"632":{"start":{"line":1110,"column":12},"end":{"line":1110,"column":39}},"633":{"start":{"line":1111,"column":12},"end":{"line":1111,"column":34}},"634":{"start":{"line":1119,"column":4},"end":{"line":1125,"column":7}},"635":{"start":{"line":1127,"column":4},"end":{"line":1127,"column":49}},"636":{"start":{"line":1128,"column":4},"end":{"line":1128,"column":82}},"637":{"start":{"line":1132,"column":0},"end":{"line":1161,"column":3}},"638":{"start":{"line":1133,"column":2},"end":{"line":1133,"column":62}},"639":{"start":{"line":1135,"column":2},"end":{"line":1160,"column":3}},"640":{"start":{"line":1136,"column":4},"end":{"line":1159,"column":74}},"641":{"start":{"line":1138,"column":8},"end":{"line":1141,"column":9}},"642":{"start":{"line":1139,"column":10},"end":{"line":1139,"column":96}},"643":{"start":{"line":1140,"column":10},"end":{"line":1140,"column":17}},"644":{"start":{"line":1143,"column":8},"end":{"line":1145,"column":10}},"645":{"start":{"line":1147,"column":8},"end":{"line":1147,"column":81}},"646":{"start":{"line":1148,"column":8},"end":{"line":1156,"column":9}},"647":{"start":{"line":1149,"column":34},"end":{"line":1149,"column":71}},"648":{"start":{"line":1150,"column":10},"end":{"line":1152,"column":30}},"649":{"start":{"line":1151,"column":12},"end":{"line":1151,"column":110}},"650":{"start":{"line":1151,"column":49},"end":{"line":1151,"column":108}},"651":{"start":{"line":1153,"column":10},"end":{"line":1155,"column":19}},"652":{"start":{"line":1154,"column":12},"end":{"line":1154,"column":110}},"653":{"start":{"line":1154,"column":49},"end":{"line":1154,"column":108}},"654":{"start":{"line":1157,"column":8},"end":{"line":1157,"column":47}},"655":{"start":{"line":1159,"column":20},"end":{"line":1159,"column":72}},"656":{"start":{"line":1163,"column":0},"end":{"line":1163,"column":21}}},"fnMap":{"0":{"name":"(anonymous_0)","decl":{"start":{"line":15,"column":8},"end":{"line":15,"column":9}},"loc":{"start":{"line":15,"column":28},"end":{"line":21,"column":1}},"line":15},"1":{"name":"(anonymous_1)","decl":{"start":{"line":34,"column":38},"end":{"line":34,"column":39}},"loc":{"start":{"line":34,"column":44},"end":{"line":42,"column":1}},"line":34},"2":{"name":"(anonymous_2)","decl":{"start":{"line":44,"column":39},"end":{"line":44,"column":40}},"loc":{"start":{"line":44,"column":45},"end":{"line":52,"column":1}},"line":44},"3":{"name":"(anonymous_3)","decl":{"start":{"line":54,"column":33},"end":{"line":54,"column":34}},"loc":{"start":{"line":54,"column":39},"end":{"line":59,"column":1}},"line":54},"4":{"name":"(anonymous_4)","decl":{"start":{"line":79,"column":24},"end":{"line":79,"column":25}},"loc":{"start":{"line":79,"column":33},"end":{"line":79,"column":101}},"line":79},"5":{"name":"(anonymous_5)","decl":{"start":{"line":81,"column":17},"end":{"line":81,"column":18}},"loc":{"start":{"line":81,"column":23},"end":{"line":88,"column":1}},"line":81},"6":{"name":"(anonymous_6)","decl":{"start":{"line":90,"column":24},"end":{"line":90,"column":25}},"loc":{"start":{"line":90,"column":34},"end":{"line":103,"column":1}},"line":90},"7":{"name":"(anonymous_7)","decl":{"start":{"line":118,"column":25},"end":{"line":118,"column":26}},"loc":{"start":{"line":118,"column":31},"end":{"line":125,"column":1}},"line":118},"8":{"name":"(anonymous_8)","decl":{"start":{"line":131,"column":11},"end":{"line":131,"column":12}},"loc":{"start":{"line":131,"column":18},"end":{"line":131,"column":27}},"line":131},"9":{"name":"(anonymous_9)","decl":{"start":{"line":132,"column":14},"end":{"line":132,"column":15}},"loc":{"start":{"line":132,"column":21},"end":{"line":132,"column":40}},"line":132},"10":{"name":"(anonymous_10)","decl":{"start":{"line":133,"column":11},"end":{"line":133,"column":12}},"loc":{"start":{"line":133,"column":18},"end":{"line":133,"column":38}},"line":133},"11":{"name":"(anonymous_11)","decl":{"start":{"line":170,"column":26},"end":{"line":170,"column":27}},"loc":{"start":{"line":170,"column":32},"end":{"line":173,"column":1}},"line":170},"12":{"name":"(anonymous_12)","decl":{"start":{"line":175,"column":19},"end":{"line":175,"column":20}},"loc":{"start":{"line":175,"column":34},"end":{"line":181,"column":1}},"line":175},"13":{"name":"(anonymous_13)","decl":{"start":{"line":183,"column":19},"end":{"line":183,"column":20}},"loc":{"start":{"line":183,"column":41},"end":{"line":195,"column":1}},"line":183},"14":{"name":"(anonymous_14)","decl":{"start":{"line":197,"column":26},"end":{"line":197,"column":27}},"loc":{"start":{"line":197,"column":38},"end":{"line":214,"column":1}},"line":197},"15":{"name":"(anonymous_15)","decl":{"start":{"line":216,"column":26},"end":{"line":216,"column":27}},"loc":{"start":{"line":216,"column":38},"end":{"line":227,"column":1}},"line":216},"16":{"name":"(anonymous_16)","decl":{"start":{"line":229,"column":32},"end":{"line":229,"column":33}},"loc":{"start":{"line":229,"column":42},"end":{"line":244,"column":1}},"line":229},"17":{"name":"(anonymous_17)","decl":{"start":{"line":246,"column":36},"end":{"line":246,"column":37}},"loc":{"start":{"line":246,"column":45},"end":{"line":261,"column":1}},"line":246},"18":{"name":"(anonymous_18)","decl":{"start":{"line":263,"column":30},"end":{"line":263,"column":31}},"loc":{"start":{"line":263,"column":42},"end":{"line":323,"column":1}},"line":263},"19":{"name":"(anonymous_19)","decl":{"start":{"line":325,"column":26},"end":{"line":325,"column":27}},"loc":{"start":{"line":325,"column":33},"end":{"line":325,"column":102}},"line":325},"20":{"name":"(anonymous_20)","decl":{"start":{"line":331,"column":20},"end":{"line":331,"column":21}},"loc":{"start":{"line":331,"column":26},"end":{"line":335,"column":1}},"line":331},"21":{"name":"(anonymous_21)","decl":{"start":{"line":332,"column":36},"end":{"line":332,"column":37}},"loc":{"start":{"line":332,"column":46},"end":{"line":332,"column":67}},"line":332},"22":{"name":"(anonymous_22)","decl":{"start":{"line":344,"column":29},"end":{"line":344,"column":30}},"loc":{"start":{"line":344,"column":38},"end":{"line":358,"column":1}},"line":344},"23":{"name":"(anonymous_23)","decl":{"start":{"line":347,"column":19},"end":{"line":347,"column":20}},"loc":{"start":{"line":347,"column":26},"end":{"line":347,"column":35}},"line":347},"24":{"name":"(anonymous_24)","decl":{"start":{"line":351,"column":11},"end":{"line":351,"column":12}},"loc":{"start":{"line":351,"column":18},"end":{"line":351,"column":26}},"line":351},"25":{"name":"(anonymous_25)","decl":{"start":{"line":355,"column":12},"end":{"line":355,"column":13}},"loc":{"start":{"line":355,"column":19},"end":{"line":355,"column":38}},"line":355},"26":{"name":"(anonymous_26)","decl":{"start":{"line":356,"column":9},"end":{"line":356,"column":10}},"loc":{"start":{"line":356,"column":16},"end":{"line":356,"column":36}},"line":356},"27":{"name":"(anonymous_27)","decl":{"start":{"line":360,"column":26},"end":{"line":360,"column":27}},"loc":{"start":{"line":360,"column":41},"end":{"line":365,"column":1}},"line":360},"28":{"name":"(anonymous_28)","decl":{"start":{"line":361,"column":31},"end":{"line":361,"column":32}},"loc":{"start":{"line":361,"column":41},"end":{"line":361,"column":62}},"line":361},"29":{"name":"(anonymous_29)","decl":{"start":{"line":367,"column":31},"end":{"line":367,"column
[...]
inary-expr","locations":[{"start":{"line":926,"column":33},"end":{"line":926,"column":60}},{"start":{"line":926,"column":64},"end":{"line":926,"column":66}}],"line":926},"215":{"loc":{"start":{"line":927,"column":2},"end":{"line":929,"column":3}},"type":"if","locations":[{"start":{"line":927,"column":2},"end":{"line":929,"column":3}},{"start":{},"end":{}}],"line":927},"216":{"loc":{"start":{"line":927,"column":6},"end":{"line":927,"column":60}},"type":"binary-expr","locations":[{"start":{"line":927,"column":6},"end":{"line":927,"column":22}},{"start":{"line":927,"column":26},"end":{"line":927,"column":60}}],"line":927},"217":{"loc":{"start":{"line":932,"column":2},"end":{"line":934,"column":3}},"type":"if","locations":[{"start":{"line":932,"column":2},"end":{"line":934,"column":3}},{"start":{},"end":{}}],"line":932},"218":{"loc":{"start":{"line":938,"column":11},"end":{"line":938,"column":43}},"type":"binary-expr","locations":[{"start":{"line":938,"column":11},"end":{"line":938,"column":38}},{"start":{"line":938,"column":42},"end":{"line":938,"column":43}}],"line":938},"219":{"loc":{"start":{"line":945,"column":2},"end":{"line":947,"column":3}},"type":"if","locations":[{"start":{"line":945,"column":2},"end":{"line":947,"column":3}},{"start":{},"end":{}}],"line":945},"220":{"loc":{"start":{"line":945,"column":6},"end":{"line":945,"column":72}},"type":"binary-expr","locations":[{"start":{"line":945,"column":6},"end":{"line":945,"column":28}},{"start":{"line":945,"column":32},"end":{"line":945,"column":72}}],"line":945},"221":{"loc":{"start":{"line":950,"column":2},"end":{"line":965,"column":3}},"type":"if","locations":[{"start":{"line":950,"column":2},"end":{"line":965,"column":3}},{"start":{},"end":{}}],"line":950},"222":{"loc":{"start":{"line":950,"column":6},"end":{"line":950,"column":29}},"type":"binary-expr","locations":[{"start":{"line":950,"column":6},"end":{"line":950,"column":14}},{"start":{"line":950,"column":18},"end":{"line":950,"column":29}}],"line":950},"223":{"loc":{"start":{"line":953,"column":6},"end":{"line":953,"column":59}},"type":"if","locations":[{"start":{"line":953,"column":6},"end":{"line":953,"column":59}},{"start":{},"end":{}}],"line":953},"224":{"loc":{"start":{"line":954,"column":6},"end":{"line":954,"column":52}},"type":"if","locations":[{"start":{"line":954,"column":6},"end":{"line":954,"column":52}},{"start":{},"end":{}}],"line":954},"225":{"loc":{"start":{"line":957,"column":6},"end":{"line":961,"column":7}},"type":"if","locations":[{"start":{"line":957,"column":6},"end":{"line":961,"column":7}},{"start":{},"end":{}}],"line":957},"226":{"loc":{"start":{"line":957,"column":10},"end":{"line":957,"column":121}},"type":"binary-expr","locations":[{"start":{"line":957,"column":10},"end":{"line":957,"column":35}},{"start":{"line":957,"column":39},"end":{"line":957,"column":83}},{"start":{"line":957,"column":87},"end":{"line":957,"column":121}}],"line":957},"227":{"loc":{"start":{"line":972,"column":2},"end":{"line":974,"column":3}},"type":"if","locations":[{"start":{"line":972,"column":2},"end":{"line":974,"column":3}},{"start":{},"end":{}}],"line":972},"228":{"loc":{"start":{"line":972,"column":6},"end":{"line":972,"column":72}},"type":"binary-expr","locations":[{"start":{"line":972,"column":6},"end":{"line":972,"column":28}},{"start":{"line":972,"column":32},"end":{"line":972,"column":72}}],"line":972},"229":{"loc":{"start":{"line":976,"column":2},"end":{"line":978,"column":3}},"type":"if","locations":[{"start":{"line":976,"column":2},"end":{"line":978,"column":3}},{"start":{},"end":{}}],"line":976},"230":{"loc":{"start":{"line":983,"column":47},"end":{"line":983,"column":62}},"type":"binary-expr","locations":[{"start":{"line":983,"column":47},"end":{"line":983,"column":57}},{"start":{"line":983,"column":61},"end":{"line":983,"column":62}}],"line":983},"231":{"loc":{"start":{"line":989,"column":22},"end":{"line":989,"column":89}},"type":"cond-expr","locations":[{"start":{"line":989,"column":42},"end":{"line":989,"column":82}},{"start":{"line":989,"column":85},"end":{"line":989,"column":89}}],"line":989},"232":{"loc":{"start":{"line":995,"column":2},"end":{"line":997,"column":3}},"type":"if","locations":[{"start":{"line":995,"column":2},"end":{"line":997,"column":3}},{"start":{},"end":{}}],"line":995},"233":{"loc":{"start":{"line":1002,"column":4},"end":{"line":1002,"column":57}},"type":"if","locations":[{"start":{"line":1002,"column":4},"end":{"line":1002,"column":57}},{"start":{},"end":{}}],"line":1002},"234":{"loc":{"start":{"line":1009,"column":2},"end":{"line":1013,"column":3}},"type":"if","locations":[{"start":{"line":1009,"column":2},"end":{"line":1013,"column":3}},{"start":{},"end":{}}],"line":1009},"235":{"loc":{"start":{"line":1009,"column":6},"end":{"line":1009,"column":72}},"type":"binary-expr","locations":[{"start":{"line":1009,"column":6},"end":{"line":1009,"column":28}},{"start":{"line":1009,"column":32},"end":{"line":1009,"column":72}}],"line":1009},"236":{"loc":{"start":{"line":1015,"column":25},"end":{"line":1015,"column":48}},"type":"binary-expr","locations":[{"start":{"line":1015,"column":25},"end":{"line":1015,"column":42}},{"start":{"line":1015,"column":46},"end":{"line":1015,"column":48}}],"line":1015},"237":{"loc":{"start":{"line":1016,"column":2},"end":{"line":1016,"column":102}},"type":"if","locations":[{"start":{"line":1016,"column":2},"end":{"line":1016,"column":102}},{"start":{},"end":{}}],"line":1016},"238":{"loc":{"start":{"line":1025,"column":4},"end":{"line":1062,"column":5}},"type":"if","locations":[{"start":{"line":1025,"column":4},"end":{"line":1062,"column":5}},{"start":{"line":1060,"column":11},"end":{"line":1062,"column":5}}],"line":1025},"239":{"loc":{"start":{"line":1028,"column":6},"end":{"line":1034,"column":7}},"type":"if","locations":[{"start":{"line":1028,"column":6},"end":{"line":1034,"column":7}},{"start":{},"end":{}}],"line":1028},"240":{"loc":{"start":{"line":1028,"column":10},"end":{"line":1028,"column":35}},"type":"binary-expr","locations":[{"start":{"line":1028,"column":10},"end":{"line":1028,"column":19}},{"start":{"line":1028,"column":23},"end":{"line":1028,"column":35}}],"line":1028},"241":{"loc":{"start":{"line":1040,"column":8},"end":{"line":1047,"column":9}},"type":"if","locations":[{"start":{"line":1040,"column":8},"end":{"line":1047,"column":9}},{"start":{},"end":{}}],"line":1040},"242":{"loc":{"start":{"line":1052,"column":19},"end":{"line":1052,"column":42}},"type":"binary-expr","locations":[{"start":{"line":1052,"column":19},"end":{"line":1052,"column":29}},{"start":{"line":1052,"column":33},"end":{"line":1052,"column":42}}],"line":1052},"243":{"loc":{"start":{"line":1065,"column":4},"end":{"line":1080,"column":5}},"type":"if","locations":[{"start":{"line":1065,"column":4},"end":{"line":1080,"column":5}},{"start":{"line":1078,"column":11},"end":{"line":1080,"column":5}}],"line":1065},"244":{"loc":{"start":{"line":1065,"column":8},"end":{"line":1065,"column":31}},"type":"binary-expr","locations":[{"start":{"line":1065,"column":8},"end":{"line":1065,"column":16}},{"start":{"line":1065,"column":20},"end":{"line":1065,"column":31}}],"line":1065},"245":{"loc":{"start":{"line":1067,"column":6},"end":{"line":1077,"column":7}},"type":"if","locations":[{"start":{"line":1067,"column":6},"end":{"line":1077,"column":7}},{"start":{},"end":{}}],"line":1067},"246":{"loc":{"start":{"line":1073,"column":8},"end":{"line":1075,"column":9}},"type":"if","locations":[{"start":{"line":1073,"column":8},"end":{"line":1075,"column":9}},{"start":{},"end":{}}],"line":1073},"247":{"loc":{"start":{"line":1083,"column":17},"end":{"line":1085,"column":51}},"type":"cond-expr","locations":[{"start":{"line":1084,"column":8},"end":{"line":1084,"column":77}},{"start":{"line":1085,"column":8},"end":{"line":1085,"column":51}}],"line":1083},"248":{"loc":{"start":{"line":1088,"column":4},"end":{"line":1095,"column":5}},"type":"if","locations":[{"start":{"line":1088,"column":4},"end":{"line":1095,"column":5}},{"start":{},"end":{}}],"line":1088},"249":{"loc":{"start":{"line":1088,"column":8},"end":{"line":1088,"column":36}},"type":"binary-expr","locations":[{"start":{"line":1088,"column":8},"end":{"line":1088,"column":19}},{"start":{"line":1088,"column":23},"end":{"line":1088,"column":36}}],"line":1088},"250":{"loc":{"start":{"line":1099,"column":4},"end":{"line":1117,"column":5}},"type":"if","locations":[{"start":{"line":1099,"column":4},"end":{"line":1117,"column":5}},{"start":{},"end":{}}],"line":1099},"251":{"loc":{"start":{"line":1099,"column":8},"end":{"line":1099,"column":52}},"type":"binary-expr","locations":[{"start":{"line":1099,"column":8},"end":{"line":1099,"column":25}},{"start":{"line":1099,"column":29},"end":{"line":1099,"column":37}},{"start":{"line":1099,"column":41},"end":{"line":1099,"column":52}}],"line":1099},"252":{"loc":{"start":{"line":1102,"column":8},"end":{"line":1113,"column":9}},"type":"if","locations":[{"start":{"line":1102,"column":8},"end":{"line":1113,"column":9}},{"start":{},"end":{}}],"line":1102},"253":{"loc":{"start":{"line":1104,"column":10},"end":{"line":1112,"column":11}},"type":"if","locations":[{"start":{"line":1104,"column":10},"end":{"line":1112,"column":11}},{"start":{},"end":{}}],"line":1104},"254":{"loc":{"start":{"line":1104,"column":14},"end":{"line":1104,"column":95}},"type":"binary-expr","locations":[{"start":{"line":1104,"column":14},"end":{"line":1104,"column":49}},{"start":{"line":1104,"column":53},"end":{"line":1104,"column":64}},{"start":{"line":1104,"column":68},"end":{"line":1104,"column":95}}],"line":1104},"255":{"loc":{"start":{"line":1128,"column":41},"end":{"line":1128,"column":78}},"type":"binary-expr","locations":[{"start":{"line":1128,"column":41},"end":{"line":1128,"column":55}},{"start":{"line":1128,"column":59},"end":{"line":1128,"column":78}}],"line":1128},"256":{"loc":{"start":{"line":1135,"column":2},"end":{"line":1160,"column":3}},"type":"if","locations":[{"start":{"line":1135,"column":2},"end":{"line":1160,"column":3}},{"start":{},"end":{}}],"line":1135},"257":{"loc":{"start":{"line":1138,"column":8},"end":{"line":1141,"column":9}},"type":"if","locations":[{"start":{"line":1138,"column":8},"end":{"line":1141,"column":9}},{"start":{},"end":{}}],"line":1138},"258":{"loc":{"start":{"line":1139,"column":55},"end":{"line":1139,"column":92}},"type":"binary-expr","locations":[{"start":{"line":1139,"column":55},"end":{"line":1139,"column":79}},{"start":{"line":1139,"column":83},"end":{"line":1139,"column":92}}],"line":1139},"259":{"loc":{"start":{"line":1148,"column":8},"end":{"line":1156,"column":9}},"type":"if","locations":[{"start":{"line":1148,"column":8},"end":{"line":1156,"column":9}},{"start":{},"end":{}}],"line":1148},"260":{"loc":{"start":{"line":1151,"column":92},"end":{"line":1151,"column":107}},"type":"binary-expr","locations":[{"start":{"line":1151,"column":92},"end":{"line":1151,"column":102}},{"start":{"line":1151,"column":106},"end":{"line":1151,"column":107}}],"line":1151},"261":{"loc":{"start":{"line":1154,"column":92},"end":{"line":1154,"column":107}},"type":"binary-expr","locations":[{"start":{"line":1154,"column":92},"end":{"line":1154,"column":102}},{"start":{"line":1154,"column":106},"end":{"line":1154,"column":107}}],"line":1154}},"s":{"0":0,"1":0,"2":0,"3":0,"4":0,"5":0,"6":0,"7":0,"8":0,"9":0,"10":0,"11":0,"12":0,"13":0,"14":0,"15":0,"16":0,"17":0,"18":0,"19":0,"20":0,"21":0,"22":0,"23":0,"24":0,"25":0,"26":0,"27":0,"28":0,"29":0,"30":0,"31":0,"32":0,"33":0,"34":0,"35":0,"36":0,"37":0,"38":0,"39":0,"40":0,"41":0,"42":0,"43":0,"44":0,"45":0,"46":0,"47":0,"48":0,"49":0,"50":0,"51":0,"52":0,"53":0,"54":0,"55":0,"56":0,"57":0,"58":0,"59":0,"60":0,"61":0,"62":0,"63":0,"64":0,"65":0,"66":0,"67":0,"68":0,"69":0,"70":0,"71":0,"72":0,"73":0,"74":0,"75":0,"76":0,"77":0,"78":0,"79":0,"80":0,"81":0,"82":0,"83":0,"84":0,"85":0,"86":0,"87":0,"88":0,"89":0,"90":0,"91":0,"92":0,"93":0,"94":0,"95":0,"96":0,"97":0,"98":0,"99":0,"100":0,"101":0,"102":0,"103":0,"104":0,"105":0,"106":0,"107":0,"108":0,"109":0,"110":0,"111":0,"112":0,"113":0,"114":0,"115":0,"116":0,"117":0,"118":0,"119":0,"120":0,"121":0,"122":0,"123":0,"124":0,"125":0,"126":0,"127":0,"128":0,"129":0,"130":0,"131":0,"132":0,"133":0,"134":0,"135":0,"136":0,"137":0,"138":0,"139":0,"140":0,"141":0,"142":0,"143":0,"144":0,"145":0,"146":0,"147":0,"148":0,"149":0,"150":0,"151":0,"152":0,"153":0,"154":0,"155":0,"156":0,"157":0,"158":0,"159":0,"160":0,"161":0,"162":0,"163":0,"164":0,"165":0,"166":0,"167":0,"168":0,"169":0,"170":0,"171":0,"172":0,"173":0,"174":0,"175":0,"176":0,"177":0,"178":0,"179":0,"180":0,"181":0,"182":0,"183":0,"184":0,"185":0,"186":0,"187":0,"188":0,"189":0,"190":0,"191":0,"192":0,"193":0,"194":0,"195":0,"196":0,"197":0,"198":0,"199":0,"200":0,"201":0,"202":0,"203":0,"204":0,"205":0,"206":0,"207":0,"208":0,"209":0,"210":0,"211":0,"212":0,"213":0,"214":0,"215":0,"216":0,"217":0,"218":0,"219":0,"220":0,"221":0,"222":0,"223":0,"224":0,"225":0,"226":0,"227":0,"228":0,"229":0,"230":0,"231":0,"232":0,"233":0,"234":0,"235":0,"236":0,"237":0,"238":0,"239":0,"240":0,"241":0,"242":0,"243":0,"244":0,"245":0,"246":0,"247":0,"248":0,"249":0,"250":0,"251":0,"252":0,"253":0,"254":0,"255":0,"256":0,"257":0,"258":0,"259":0,"260":0,"261":0,"262":0,"263":0,"264":0,"265":0,"266":0,"267":0,"268":0,"269":0,"270":0,"271":0,"272":0,"273":0,"274":0,"275":0,"276":0,"277":0,"278":0,"279":0,"280":0,"281":0,"282":0,"283":0,"284":0,"285":0,"286":0,"287":0,"288":0,"289":0,"290":0,"291":0,"292":0,"293":0,"294":0,"295":0,"296":0,"297":0,"298":0,"299":0,"300":0,"301":0,"302":0,"303":0,"304":0,"305":0,"306":0,"307":0,"308":0,"309":0,"310":0,"311":0,"312":0,"313":0,"314":0,"315":0,"316":0,"317":0,"318":0,"319":0,"320":0,"321":0,"322":0,"323":0,"324":0,"325":0,"326":0,"327":0,"328":0,"329":0,"330":0,"331":0,"332":0,"333":0,"334":0,"335":0,"336":0,"337":0,"338":0,"339":0,"340":0,"341":0,"342":0,"343":0,"344":0,"345":0,"346":0,"347":0,"348":0,"349":0,"350":0,"351":0,"352":0,"353":0,"354":0,"355":0,"356":0,"357":0,"358":0,"359":0,"360":0,"361":0,"362":0,"363":0,"364":0,"365":0,"366":0,"367":0,"368":0,"369":0,"370":0,"371":0,"372":0,"373":0,"374":0,"375":0,"376":0,"377":0,"378":0,"379":0,"380":0,"381":0,"382":0,"383":0,"384":0,"385":0,"386":0,"387":0,"388":0,"389":0,"390":0,"391":0,"392":0,"393":0,"394":0,"395":0,"396":0,"397":0,"398":0,"399":0,"400":0,"401":0,"402":0,"403":0,"404":0,"405":0,"406":0,"407":0,"408":0,"409":0,"410":0,"411":0,"412":0,"413":0,"414":0,"415":0,"416":0,"417":0,"418":0,"419":0,"420":0,"421":0,"422":0,"423":0,"424":0,"425":0,"426":0,"427":0,"428":0,"429":0,"430":0,"431":0,"432":0,"433":0,"434":0,"435":0,"436":0,"437":0,"438":0,"439":0,"440":0,"441":0,"442":0,"443":0,"444":0,"445":0,"446":0,"447":0,"448":0,"449":0,"450":0,"451":0,"452":0,"453":0,"454":0,"455":0,"456":0,"457":0,"458":0,"459":0,"460":0,"461":0,"462":0,"463":0,"464":0,"465":0,"466":0,"467":0,"468":0,"469":0,"470":0,"471":0,"472":0,"473":0,"474":0,"475":0,"476":0,"477":0,"478":0,"479":0,"480":0,"481":0,"482":0,"483":0,"484":0,"485":0,"486":0,"487":0,"488":0,"489":0,"490":0,"491":0,"492":0,"493":0,"494":0,"495":0,"496":0,"497":0,"498":0,"499":0,"500":0,"501":0,"502":0,"503":0,"504":0,"505":0,"506":0,"507":0,"508":0,"509":0,"510":0,"511":0,"512":0,"513":0,"514":0,"515":0,"516":0,"517":0,"518":0,"519":0,"520":0,"521":0,"522":0,"523":0,"524":0,"525":0,"526":0,"527":0,"528":0,"529":0,"530":0,"531":0,"532":0,"533":0,"534":0,"535":0,"536":0,"537":0,"538":0,"539":0,"540":0,"541":0,"542":0,"543":0,"544":0,"545":0,"546":0,"547":0,"548":0,"549":0,"550":0,"551":0,"552":0,"553":0,"554":0,"555":0,"556":0,"557":0,"558":0,"559":0,"560":0,"561":0,"562":0,"563":0,"564":0,"565":0,"566":0,"567":0,"568":0,"569":0,"570":0,"571":0,"572":0,"573":0,"574":0,"575":0,"576":0,"577":0,"578":0,"579":0,"580":0,"581":0,"582":0,"583":0,"584":0,"585":0,"586":0,"587":0,"588":0,"589":0,"590":0,"591":0,"592":0,"593":0,"594":0,"595":0,"596":0,"597":0,"598":0,"599":0,"600":0,"601":0,"602":0,"603":0,"604":0,"605":0,"606":0,"607":0,"608":0,"609":0,"610":0,"611":0,"612":0,"613":0,"614":0,"615":0,"616":0,"617":0,"618":0,"619":0,"620":0,"621":0,"622":0,"623":0,"624":0,"625":0,"626":0,"627":0,"628":0,"629":0,"630":0,"631":0,"632":0,"633":0,"634":0,"635":0,"636":0,"637":0,"638":0,"639":0,"640":0,"641":0,"642":0,"643":0,"644":0,"645":0,"646":0,"647":0,"648":0,"649":0,"650":0,"651":0,"652":0,"653":0,"654":0,"655":0,"656":0},"f":{"0":0,"1":0,"2":0,"3":0,"4":0,"5":0,"6":0,"7":0,"8":0,"9":0,"10":0,"11":0,"12":0,"13":0,"14":0,"15":0,"16":0,"17":0,"18":0,"19":0,"20":0,"21":0,"22":0,"23":0,"24":0,"25":0,"26":0,"27":0,"28":0,"29":0,"30":0,"31":0,"32":0,"33":0,"34":0,"35":0,"36":0,"37":0,"38":0,"39":0,"40":0,"41":0,"42":0,"43":0,"44":0,"45":0,"46":0,"47":0,"48":0,"49":0,"50":0,"51":0,"52":0,"53":0,"54":0,"55":0,"56":0,"57":0,"58":0,"59":0,"60":0,"61":0,"62":0,"63":0,"64":0,"65":0,"66":0,"67":0,"68":0},"b":{"0":[0,0],"1":[0,0],"2":[0,0],"3":[0,0],"4":[0,0,0,0],"5":[0,0],"6":[0,0,0],"7":[0,0],"8":[0,0],"9":[0,0],"10":[0,0],"11":[0,0,0],"12":[0,0],"13":[0,0],"14":[0,0],"15":[0,0],"16":[0,0,0],"17":[0,0],"18":[0,0],"19":[0,0],"20":[0,0],"21":[0,0],"22":[0,0],"23":[0,0],"24":[0,0],"25":[0,0],"26":[0,0],"27":[0,0],"28":[0,0],"29":[0,0],"30":[0,0],"31":[0,0],"32":[0,0],"33":[0,0],"34":[0,0],"35":[0,0],"36":[0,0],"37":[0,0],"38":[0,0],"39":[0,0],"40":[0,0,0],"41":[0,0],"42":[0,0],"43":[0,0],"44":[0,0],"45":[0,0],"46":[0,0],"47":[0,0],"48":[0,0],"49":[0,0],"50":[0,0],"51":[0,0,0],"52":[0,0],"53":[0,0],"54":[0,0],"55":[0,0,0],"56":[0,0],"57":[0,0],"58":[0,0,0],"59":[0,0],"60":[0,0],"61":[0,0],"62":[0,0,0,0],"63":[0,0],"64":[0,0],"65":[0,0],"66":[0,0],"67":[0,0],"68":[0,0],"69":[0,0],"70":[0,0],"71":[0,0],"72":[0,0],"73":[0,0],"74":[0,0],"75":[0,0],"76":[0,0],"77":[0,0],"78":[0,0],"79":[0,0],"80":[0,0,0],"81":[0,0],"82":[0,0],"83":[0,0],"84":[0,0],"85":[0,0],"86":[0,0],"87":[0,0],"88":[0,0],"89":[0,0],"90":[0,0],"91":[0,0],"92":[0,0],"93":[0,0],"94":[0,0],"95":[0,0],"96":[0,0],"97":[0,0],"98":[0,0],"99":[0,0],"100":[0,0],"101":[0,0],"102":[0,0],"103":[0,0],"104":[0,0],"105":[0,0],"106":[0,0],"107":[0,0],"108":[0,0],"109":[0,0],"110":[0,0],"111":[0,0],"112":[0,0],"113":[0,0,0],"114":[0,0],"115":[0,0],"116":[0,0],"117":[0,0,0],"118":[0,0],"119":[0,0],"120":[0,0],"121":[0,0],"122":[0,0],"123":[0,0],"124":[0,0],"125":[0,0],"126":[0,0],"127":[0,0],"128":[0,0],"129":[0,0],"130":[0,0],"131":[0,0],"132":[0,0],"133":[0,0],"134":[0,0],"135":[0,0],"136":[0,0],"137":[0,0],"138":[0,0],"139":[0,0],"140":[0,0],"141":[0,0],"142":[0,0],"143":[0,0],"144":[0,0],"145":[0,0],"146":[0,0],"147":[0,0],"148":[0,0],"149":[0,0],"150":[0,0],"151":[0,0],"152":[0,0],"153":[0,0],"154":[0,0],"155":[0,0],"156":[0,0],"157":[0,0],"158":[0,0],"159":[0,0],"160":[0,0],"161":[0,0],"162":[0,0],"163":[0,0],"164":[0,0,0],"165":[0,0,0],"166":[0,0,0],"167":[0,0,0,0],"168":[0,0],"169":[0,0,0],"170":[0,0],"171":[0,0],"172":[0,0],"173":[0,0],"174":[0,0],"175":[0,0],"176":[0,0],"177":[0,0],"178":[0,0],"179":[0,0],"180":[0,0],"181":[0,0],"182":[0,0],"183":[0,0],"184":[0,0],"185":[0,0],"186":[0,0],"187":[0,0],"188":[0,0],"189":[0,0],"190":[0,0],"191":[0,0],"192":[0,0],"193":[0,0],"194":[0,0],"195":[0,0],"196":[0,0],"197":[0,0],"198":[0,0],"199":[0,0],"200":[0,0],"201":[0,0],"202":[0,0],"203":[0,0],"204":[0,0],"205":[0,0],"206":[0,0],"207":[0,0],"208":[0,0],"209":[0,0],"210":[0,0],"211":[0,0],"212":[0,0],"213":[0,0],"214":[0,0],"215":[0,0],"216":[0,0],"217":[0,0],"218":[0,0],"219":[0,0],"220":[0,0],"221":[0,0],"222":[0,0],"223":[0,0],"224":[0,0],"225":[0,0],"226":[0,0,0],"227":[0,0],"228":[0,0],"229":[0,0],"230":[0,0],"231":[0,0],"232":[0,0],"233":[0,0],"234":[0,0],"235":[0,0],"236":[0,0],"237":[0,0],"238":[0,0],"239":[0,0],"240":[0,0],"241":[0,0],"242":[0,0],"243":[0,0],"244":[0,0],"245":[0,0],"246":[0,0],"247":[0,0],"248":[0,0],"249":[0,0],"250":[0,0],"251":[0,0,0],"252":[0,0],"253":[0,0],"254":[0,0,0],"255":[0,0],"256":[0,0],"257":[0,0],"258":[0,0],"259":[0,0],"260":[0,0],"261":[0,0]}}
}
