TN:
SF:ipfs-service.js
FN:12,(anonymous_0)
FN:23,(anonymous_1)
FN:46,(anonymous_2)
FN:93,(anonymous_3)
FN:139,(anonymous_4)
FN:155,(anonymous_5)
FN:160,(anonymous_6)
FN:176,(anonymous_7)
FN:183,(anonymous_8)
FN:197,(anonymous_9)
FN:223,(anonymous_10)
FN:240,(anonymous_11)
FN:255,(anonymous_12)
FN:265,(anonymous_13)
FN:286,(anonymous_14)
FNF:15
FNH:0
FNDA:0,(anonymous_0)
FNDA:0,(anonymous_1)
FNDA:0,(anonymous_2)
FNDA:0,(anonymous_3)
FNDA:0,(anonymous_4)
FNDA:0,(anonymous_5)
FNDA:0,(anonymous_6)
FNDA:0,(anonymous_7)
FNDA:0,(anonymous_8)
FNDA:0,(anonymous_9)
FNDA:0,(anonymous_10)
FNDA:0,(anonymous_11)
FNDA:0,(anonymous_12)
FNDA:0,(anonymous_13)
FNDA:0,(anonymous_14)
DA:6,0
DA:7,0
DA:8,0
DA:9,0
DA:13,0
DA:14,0
DA:15,0
DA:16,0
DA:17,0
DA:24,0
DA:25,0
DA:26,0
DA:32,0
DA:33,0
DA:35,0
DA:36,0
DA:47,0
DA:48,0
DA:60,0
DA:68,0
DA:69,0
DA:71,0
DA:79,0
DA:80,0
DA:81,0
DA:83,0
DA:94,0
DA:95,0
DA:96,0
DA:98,0
DA:100,0
DA:107,0
DA:109,0
DA:118,0
DA:119,0
DA:121,0
DA:129,0
DA:130,0
DA:140,0
DA:141,0
DA:142,0
DA:143,0
DA:145,0
DA:146,0
DA:156,0
DA:160,0
DA:168,0
DA:177,0
DA:183,0
DA:189,0
DA:198,0
DA:215,0
DA:224,0
DA:231,0
DA:241,0
DA:256,0
DA:257,0
DA:266,0
DA:267,0
DA:268,0
DA:274,0
DA:275,0
DA:277,0
DA:278,0
DA:287,0
DA:288,0
DA:289,0
DA:295,0
DA:297,0
DA:298,0
DA:303,0
LF:71
LH:0
BRDA:13,0,0,0
BRDA:13,0,1,0
BRDA:14,1,0,0
BRDA:14,1,1,0
BRDA:80,2,0,0
BRDA:80,2,1,0
BRDA:202,3,0,0
BRDA:202,3,1,0
BRDA:240,4,0,0
BRDA:245,5,0,0
BRDA:245,5,1,0
BRDA:246,6,0,0
BRDA:246,6,1,0
BRF:13
BRH:0
end_of_record
TN:
SF:server-with-ipfs.js
FN:38,(anonymous_0)
FN:41,(anonymous_1)
FN:67,(anonymous_2)
FN:75,(anonymous_3)
FN:85,initializeIPFSStorage
FN:143,(anonymous_5)
FN:150,(anonymous_6)
FN:174,(anonymous_7)
FN:182,(anonymous_8)
FN:191,(anonymous_9)
FN:215,(anonymous_10)
FN:223,(anonymous_11)
FN:231,(anonymous_12)
FN:244,(anonymous_13)
FN:273,(anonymous_14)
FN:284,(anonymous_15)
FN:303,(anonymous_16)
FN:316,startServer
FN:321,(anonymous_18)
FNF:19
FNH:0
FNDA:0,(anonymous_0)
FNDA:0,(anonymous_1)
FNDA:0,(anonymous_2)
FNDA:0,(anonymous_3)
FNDA:0,initializeIPFSStorage
FNDA:0,(anonymous_5)
FNDA:0,(anonymous_6)
FNDA:0,(anonymous_7)
FNDA:0,(anonymous_8)
FNDA:0,(anonymous_9)
FNDA:0,(anonymous_10)
FNDA:0,(anonymous_11)
FNDA:0,(anonymous_12)
FNDA:0,(anonymous_13)
FNDA:0,(anonymous_14)
FNDA:0,(anonymous_15)
FNDA:0,(anonymous_16)
FNDA:0,startServer
FNDA:0,(anonymous_18)
DA:6,0
DA:7,0
DA:8,0
DA:9,0
DA:10,0
DA:11,0
DA:12,0
DA:13,0
DA:15,0
DA:16,0
DA:19,0
DA:20,0
DA:26,0
DA:27,0
DA:28,0
DA:31,0
DA:35,0
DA:38,0
DA:41,0
DA:42,0
DA:43,0
DA:44,0
DA:45,0
DA:47,0
DA:52,0
DA:53,0
DA:56,0
DA:64,0
DA:67,0
DA:68,0
DA:69,0
DA:71,0
DA:75,0
DA:76,0
DA:77,0
DA:79,0
DA:86,0
DA:87,0
DA:88,0
DA:90,0
DA:91,0
DA:94,0
DA:95,0
DA:96,0
DA:97,0
DA:101,0
DA:102,0
DA:103,0
DA:104,0
DA:105,0
DA:108,0
DA:109,0
DA:110,0
DA:111,0
DA:112,0
DA:119,0
DA:120,0
DA:121,0
DA:122,0
DA:124,0
DA:125,0
DA:126,0
DA:127,0
DA:130,0
DA:131,0
DA:143,0
DA:144,0
DA:146,0
DA:147,0
DA:150,0
DA:152,0
DA:153,0
DA:157,0
DA:163,0
DA:174,0
DA:175,0
DA:176,0
DA:178,0
DA:179,0
DA:182,0
DA:184,0
DA:185,0
DA:188,0
DA:189,0
DA:190,0
DA:191,0
DA:193,0
DA:194,0
DA:196,0
DA:197,0
DA:201,0
DA:207,0
DA:215,0
DA:216,0
DA:223,0
DA:224,0
DA:231,0
DA:232,0
DA:233,0
DA:234,0
DA:236,0
DA:244,0
DA:245,0
DA:246,0
DA:247,0
DA:248,0
DA:250,0
DA:256,0
DA:257,0
DA:259,0
DA:265,0
DA:273,0
DA:274,0
DA:284,0
DA:285,0
DA:286,0
DA:287,0
DA:289,0
DA:295,0
DA:303,0
DA:304,0
DA:318,0
DA:321,0
DA:322,0
DA:323,0
DA:324,0
DA:325,0
DA:326,0
DA:327,0
DA:328,0
DA:329,0
DA:330,0
DA:331,0
DA:336,0
DA:338,0
LF:135
LH:0
BRDA:16,0,0,0
BRDA:16,0,1,0
BRDA:19,1,0,0
BRDA:19,1,1,0
BRDA:38,2,0,0
BRDA:38,2,1,0
BRDA:42,3,0,0
BRDA:42,3,1,0
BRDA:44,4,0,0
BRDA:44,4,1,0
BRDA:68,5,0,0
BRDA:68,5,1,0
BRDA:86,6,0,0
BRDA:86,6,1,0
BRDA:95,7,0,0
BRDA:95,7,1,0
BRDA:146,8,0,0
BRDA:146,8,1,0
BRDA:152,9,0,0
BRDA:152,9,1,0
BRDA:178,10,0,0
BRDA:178,10,1,0
BRDA:184,11,0,0
BRDA:184,11,1,0
BRDA:196,12,0,0
BRDA:196,12,1,0
BRF:26
BRH:0
end_of_record
TN:
SF:server.js
FN:15,(anonymous_0)
FN:34,(anonymous_1)
FN:44,(anonymous_2)
FN:54,(anonymous_3)
FN:79,(anonymous_4)
FN:81,(anonymous_5)
FN:90,(anonymous_6)
FN:118,(anonymous_7)
FN:131,(anonymous_8)
FN:132,(anonymous_9)
FN:133,(anonymous_10)
FN:170,(anonymous_11)
FN:175,(anonymous_12)
FN:183,(anonymous_13)
FN:197,(anonymous_14)
FN:216,(anonymous_15)
FN:229,(anonymous_16)
FN:246,(anonymous_17)
FN:263,(anonymous_18)
FN:325,(anonymous_19)
FN:331,(anonymous_20)
FN:332,(anonymous_21)
FN:344,(anonymous_22)
FN:347,(anonymous_23)
FN:351,(anonymous_24)
FN:355,(anonymous_25)
FN:356,(anonymous_26)
FN:360,(anonymous_27)
FN:361,(anonymous_28)
FN:367,(anonymous_29)
FN:375,(anonymous_30)
FN:382,(anonymous_31)
FN:393,(anonymous_32)
FN:403,(anonymous_33)
FN:409,(anonymous_34)
FN:433,syncDemoElectionMerkleRootIfConfigured
FN:498,nowMs
FN:502,isPositiveInt
FN:506,extractRevertData
FN:522,formatDemoAutomationError
FN:554,ensureDemoSchedule
FN:581,demoStatusPayload
FN:613,waitForTx
FN:618,(anonymous_43)
FN:619,(anonymous_44)
FN:624,getDemoContract
FN:630,initDemoAutomation
FN:683,runDemoSchedulerOnce
FN:778,(anonymous_48)
FN:807,(anonymous_49)
FN:818,(anonymous_50)
FN:827,(anonymous_51)
FN:856,(anonymous_52)
FN:890,(anonymous_53)
FN:898,(anonymous_54)
FN:903,(anonymous_55)
FN:925,(anonymous_56)
FN:944,(anonymous_57)
FN:971,(anonymous_58)
FN:994,(anonymous_59)
FN:1008,(anonymous_60)
FN:1024,(anonymous_61)
FN:1132,(anonymous_62)
FN:1137,(anonymous_63)
FN:1150,(anonymous_64)
FN:1151,(anonymous_65)
FN:1153,(anonymous_66)
FN:1154,(anonymous_67)
FN:1159,(anonymous_68)
FNF:69
FNH:0
FNDA:0,(anonymous_0)
FNDA:0,(anonymous_1)
FNDA:0,(anonymous_2)
FNDA:0,(anonymous_3)
FNDA:0,(anonymous_4)
FNDA:0,(anonymous_5)
FNDA:0,(anonymous_6)
FNDA:0,(anonymous_7)
FNDA:0,(anonymous_8)
FNDA:0,(anonymous_9)
FNDA:0,(anonymous_10)
FNDA:0,(anonymous_11)
FNDA:0,(anonymous_12)
FNDA:0,(anonymous_13)
FNDA:0,(anonymous_14)
FNDA:0,(anonymous_15)
FNDA:0,(anonymous_16)
FNDA:0,(anonymous_17)
FNDA:0,(anonymous_18)
FNDA:0,(anonymous_19)
FNDA:0,(anonymous_20)
FNDA:0,(anonymous_21)
FNDA:0,(anonymous_22)
FNDA:0,(anonymous_23)
FNDA:0,(anonymous_24)
FNDA:0,(anonymous_25)
FNDA:0,(anonymous_26)
FNDA:0,(anonymous_27)
FNDA:0,(anonymous_28)
FNDA:0,(anonymous_29)
FNDA:0,(anonymous_30)
FNDA:0,(anonymous_31)
FNDA:0,(anonymous_32)
FNDA:0,(anonymous_33)
FNDA:0,(anonymous_34)
FNDA:0,syncDemoElectionMerkleRootIfConfigured
FNDA:0,nowMs
FNDA:0,isPositiveInt
FNDA:0,extractRevertData
FNDA:0,formatDemoAutomationError
FNDA:0,ensureDemoSchedule
FNDA:0,demoStatusPayload
FNDA:0,waitForTx
FNDA:0,(anonymous_43)
FNDA:0,(anonymous_44)
FNDA:0,getDemoContract
FNDA:0,initDemoAutomation
FNDA:0,runDemoSchedulerOnce
FNDA:0,(anonymous_48)
FNDA:0,(anonymous_49)
FNDA:0,(anonymous_50)
FNDA:0,(anonymous_51)
FNDA:0,(anonymous_52)
FNDA:0,(anonymous_53)
FNDA:0,(anonymous_54)
FNDA:0,(anonymous_55)
FNDA:0,(anonymous_56)
FNDA:0,(anonymous_57)
FNDA:0,(anonymous_58)
FNDA:0,(anonymous_59)
FNDA:0,(anonymous_60)
FNDA:0,(anonymous_61)
FNDA:0,(anonymous_62)
FNDA:0,(anonymous_63)
FNDA:0,(anonymous_64)
FNDA:0,(anonymous_65)
FNDA:0,(anonymous_66)
FNDA:0,(anonymous_67)
FNDA:0,(anonymous_68)
DA:1,0
DA:2,0
DA:5,0
DA:7,0
DA:8,0
DA:9,0
DA:10,0
DA:11,0
DA:13,0
DA:14,0
DA:15,0
DA:16,0
DA:17,0
DA:18,0
DA:19,0
DA:20,0
DA:22,0
DA:24,0
DA:25,0
DA:26,0
DA:27,0
DA:29,0
DA:34,0
DA:36,0
DA:37,0
DA:38,0
DA:40,0
DA:41,0
DA:44,0
DA:46,0
DA:47,0
DA:48,0
DA:50,0
DA:51,0
DA:54,0
DA:55,0
DA:56,0
DA:57,0
DA:58,0
DA:61,0
DA:62,0
DA:63,0
DA:64,0
DA:65,0
DA:66,0
DA:67,0
DA:68,0
DA:69,0
DA:70,0
DA:71,0
DA:72,0
DA:73,0
DA:74,0
DA:76,0
DA:79,0
DA:81,0
DA:82,0
DA:83,0
DA:84,0
DA:86,0
DA:90,0
DA:91,0
DA:93,0
DA:98,0
DA:100,0
DA:102,0
DA:106,0
DA:113,0
DA:118,0
DA:119,0
DA:120,0
DA:121,0
DA:123,0
DA:127,0
DA:131,0
DA:132,0
DA:133,0
DA:138,0
DA:139,0
DA:142,0
DA:144,0
DA:145,0
DA:146,0
DA:147,0
DA:148,0
DA:149,0
DA:150,0
DA:156,0
DA:158,0
DA:160,0
DA:170,0
DA:171,0
DA:172,0
DA:175,0
DA:176,0
DA:177,0
DA:180,0
DA:183,0
DA:184,0
DA:185,0
DA:186,0
DA:191,0
DA:197,0
DA:198,0
DA:199,0
DA:200,0
DA:201,0
DA:202,0
DA:203,0
DA:205,0
DA:206,0
DA:207,0
DA:208,0
DA:210,0
DA:212,0
DA:216,0
DA:217,0
DA:218,0
DA:219,0
DA:220,0
DA:221,0
DA:223,0
DA:225,0
DA:229,0
DA:230,0
DA:231,0
DA:232,0
DA:234,0
DA:235,0
DA:237,0
DA:238,0
DA:240,0
DA:241,0
DA:243,0
DA:246,0
DA:247,0
DA:248,0
DA:249,0
DA:250,0
DA:251,0
DA:252,0
DA:253,0
DA:255,0
DA:256,0
DA:257,0
DA:258,0
DA:260,0
DA:263,0
DA:264,0
DA:265,0
DA:266,0
DA:268,0
DA:270,0
DA:274,0
DA:276,0
DA:277,0
DA:278,0
DA:279,0
DA:280,0
DA:281,0
DA:282,0
DA:287,0
DA:289,0
DA:290,0
DA:291,0
DA:292,0
DA:294,0
DA:297,0
DA:298,0
DA:299,0
DA:301,0
DA:302,0
DA:303,0
DA:306,0
DA:307,0
DA:308,0
DA:309,0
DA:310,0
DA:311,0
DA:316,0
DA:317,0
DA:318,0
DA:319,0
DA:322,0
DA:325,0
DA:328,0
DA:329,0
DA:331,0
DA:332,0
DA:333,0
DA:334,0
DA:337,0
DA:340,0
DA:341,0
DA:342,0
DA:344,0
DA:345,0
DA:346,0
DA:347,0
DA:348,0
DA:349,0
DA:351,0
DA:354,0
DA:355,0
DA:356,0
DA:357,0
DA:360,0
DA:361,0
DA:362,0
DA:363,0
DA:364,0
DA:367,0
DA:368,0
DA:369,0
DA:371,0
DA:375,0
DA:376,0
DA:377,0
DA:378,0
DA:379,0
DA:380,0
DA:381,0
DA:382,0
DA:383,0
DA:384,0
DA:385,0
DA:386,0
DA:389,0
DA:393,0
DA:394,0
DA:395,0
DA:396,0
DA:397,0
DA:398,0
DA:399,0
DA:400,0
DA:403,0
DA:404,0
DA:405,0
DA:406,0
DA:409,0
DA:410,0
DA:411,0
DA:412,0
DA:415,0
DA:417,0
DA:431,0
DA:434,0
DA:435,0
DA:436,0
DA:439,0
DA:440,0
DA:441,0
DA:444,0
DA:445,0
DA:446,0
DA:449,0
DA:451,0
DA:452,0
DA:453,0
DA:455,0
DA:456,0
DA:459,0
DA:461,0
DA:462,0
DA:463,0
DA:464,0
DA:465,0
DA:466,0
DA:468,0
DA:469,0
DA:471,0
DA:472,0
DA:477,0
DA:499,0
DA:503,0
DA:507,0
DA:515,0
DA:516,0
DA:519,0
DA:523,0
DA:524,0
DA:526,0
DA:527,0
DA:528,0
DA:529,0
DA:531,0
DA:535,0
DA:537,0
DA:541,0
DA:547,0
DA:548,0
DA:549,0
DA:550,0
DA:551,0
DA:555,0
DA:557,0
DA:558,0
DA:559,0
DA:561,0
DA:562,0
DA:563,0
DA:564,0
DA:565,0
DA:566,0
DA:567,0
DA:568,0
DA:569,0
DA:570,0
DA:571,0
DA:572,0
DA:573,0
DA:574,0
DA:575,0
DA:577,0
DA:582,0
DA:583,0
DA:585,0
DA:588,0
DA:590,0
DA:614,0
DA:615,0
DA:616,0
DA:619,0
DA:625,0
DA:626,0
DA:627,0
DA:631,0
DA:633,0
DA:634,0
DA:635,0
DA:636,0
DA:639,0
DA:640,0
DA:641,0
DA:642,0
DA:645,0
DA:646,0
DA:647,0
DA:648,0
DA:651,0
DA:652,0
DA:653,0
DA:654,0
DA:655,0
DA:658,0
DA:659,0
DA:660,0
DA:661,0
DA:662,0
DA:663,0
DA:664,0
DA:667,0
DA:668,0
DA:669,0
DA:673,0
DA:674,0
DA:675,0
DA:676,0
DA:684,0
DA:685,0
DA:687,0
DA:688,0
DA:690,0
DA:691,0
DA:692,0
DA:695,0
DA:696,0
DA:699,0
DA:700,0
DA:702,0
DA:703,0
DA:704,0
DA:706,0
DA:708,0
DA:709,0
DA:710,0
DA:711,0
DA:712,0
DA:714,0
DA:717,0
DA:718,0
DA:720,0
DA:721,0
DA:722,0
DA:723,0
DA:726,0
DA:727,0
DA:728,0
DA:731,0
DA:734,0
DA:735,0
DA:736,0
DA:737,0
DA:738,0
DA:739,0
DA:740,0
DA:741,0
DA:742,0
DA:743,0
DA:744,0
DA:745,0
DA:746,0
DA:747,0
DA:748,0
DA:749,0
DA:750,0
DA:751,0
DA:752,0
DA:753,0
DA:754,0
DA:755,0
DA:756,0
DA:757,0
DA:760,0
DA:761,0
DA:762,0
DA:763,0
DA:765,0
DA:769,0
DA:770,0
DA:771,0
DA:772,0
DA:773,0
DA:778,0
DA:779,0
DA:780,0
DA:781,0
DA:783,0
DA:784,0
DA:787,0
DA:788,0
DA:789,0
DA:791,0
DA:792,0
DA:796,0
DA:797,0
DA:800,0
DA:801,0
DA:802,0
DA:805,0
DA:806,0
DA:807,0
DA:810,0
DA:811,0
DA:814,0
DA:818,0
DA:819,0
DA:820,0
DA:823,0
DA:827,0
DA:828,0
DA:829,0
DA:830,0
DA:831,0
DA:834,0
DA:835,0
DA:838,0
DA:839,0
DA:840,0
DA:843,0
DA:852,0
DA:856,0
DA:857,0
DA:858,0
DA:859,0
DA:862,0
DA:863,0
DA:864,0
DA:866,0
DA:867,0
DA:868,0
DA:870,0
DA:871,0
DA:872,0
DA:874,0
DA:875,0
DA:876,0
DA:877,0
DA:882,0
DA:883,0
DA:886,0
DA:889,0
DA:890,0
DA:893,0
DA:894,0
DA:895,0
DA:896,0
DA:898,0
DA:899,0
DA:903,0
DA:904,0
DA:905,0
DA:906,0
DA:909,0
DA:910,0
DA:913,0
DA:914,0
DA:916,0
DA:925,0
DA:926,0
DA:927,0
DA:928,0
DA:931,0
DA:932,0
DA:933,0
DA:936,0
DA:944,0
DA:945,0
DA:946,0
DA:949,0
DA:950,0
DA:951,0
DA:952,0
DA:953,0
DA:954,0
DA:957,0
DA:958,0
DA:959,0
DA:960,0
DA:967,0
DA:971,0
DA:972,0
DA:973,0
DA:976,0
DA:977,0
DA:980,0
DA:981,0
DA:983,0
DA:986,0
DA:994,0
DA:995,0
DA:996,0
DA:998,0
DA:999,0
DA:1000,0
DA:1001,0
DA:1002,0
DA:1004,0
DA:1008,0
DA:1009,0
DA:1010,0
DA:1015,0
DA:1016,0
DA:1018,0
DA:1019,0
DA:1021,0
DA:1022,0
DA:1024,0
DA:1025,0
DA:1028,0
DA:1029,0
DA:1037,0
DA:1038,0
DA:1039,0
DA:1040,0
DA:1041,0
DA:1049,0
DA:1056,0
DA:1057,0
DA:1058,0
DA:1059,0
DA:1061,0
DA:1065,0
DA:1066,0
DA:1067,0
DA:1068,0
DA:1069,0
DA:1073,0
DA:1074,0
DA:1076,0
DA:1079,0
DA:1083,0
DA:1088,0
DA:1089,0
DA:1098,0
DA:1099,0
DA:1100,0
DA:1101,0
DA:1102,0
DA:1103,0
DA:1104,0
DA:1105,0
DA:1106,0
DA:1107,0
DA:1108,0
DA:1109,0
DA:1110,0
DA:1111,0
DA:1119,0
DA:1127,0
DA:1128,0
DA:1132,0
DA:1133,0
DA:1135,0
DA:1136,0
DA:1138,0
DA:1139,0
DA:1140,0
DA:1143,0
DA:1147,0
DA:1148,0
DA:1149,0
DA:1150,0
DA:1151,0
DA:1153,0
DA:1154,0
DA:1157,0
DA:1159,0
DA:1163,0
LF:610
LH:0
BRDA:19,0,0,0
BRDA:19,0,1,0
BRDA:24,1,0,0
BRDA:24,1,1,0
BRDA:26,2,0,0
BRDA:26,2,1,0
BRDA:27,3,0,0
BRDA:27,3,1,0
BRDA:29,4,0,0
BRDA:29,4,1,0
BRDA:29,4,2,0
BRDA:29,4,3,0
BRDA:37,5,0,0
BRDA:37,5,1,0
BRDA:37,6,0,0
BRDA:37,6,1,0
BRDA:37,6,2,0
BRDA:38,7,0,0
BRDA:38,7,1,0
BRDA:41,8,0,0
BRDA:41,8,1,0
BRDA:41,9,0,0
BRDA:41,9,1,0
BRDA:47,10,0,0
BRDA:47,10,1,0
BRDA:47,11,0,0
BRDA:47,11,1,0
BRDA:47,11,2,0
BRDA:48,12,0,0
BRDA:48,12,1,0
BRDA:51,13,0,0
BRDA:51,13,1,0
BRDA:51,14,0,0
BRDA:51,14,1,0
BRDA:56,15,0,0
BRDA:56,15,1,0
BRDA:56,16,0,0
BRDA:56,16,1,0
BRDA:56,16,2,0
BRDA:58,17,0,0
BRDA:58,17,1,0
BRDA:58,18,0,0
BRDA:58,18,1,0
BRDA:61,19,0,0
BRDA:61,19,1,0
BRDA:62,20,0,0
BRDA:62,20,1,0
BRDA:63,21,0,0
BRDA:63,21,1,0
BRDA:64,22,0,0
BRDA:64,22,1,0
BRDA:65,23,0,0
BRDA:65,23,1,0
BRDA:66,24,0,0
BRDA:66,24,1,0
BRDA:67,25,0,0
BRDA:67,25,1,0
BRDA:68,26,0,0
BRDA:68,26,1,0
BRDA:69,27,0,0
BRDA:69,27,1,0
BRDA:70,28,0,0
BRDA:70,28,1,0
BRDA:71,29,0,0
BRDA:71,29,1,0
BRDA:76,30,0,0
BRDA:76,30,1,0
BRDA:77,31,0,0
BRDA:77,31,1,0
BRDA:77,32,0,0
BRDA:77,32,1,0
BRDA:79,33,0,0
BRDA:79,33,1,0
BRDA:84,34,0,0
BRDA:84,34,1,0
BRDA:91,35,0,0
BRDA:91,35,1,0
BRDA:98,36,0,0
BRDA:98,36,1,0
BRDA:106,37,0,0
BRDA:106,37,1,0
BRDA:106,38,0,0
BRDA:106,38,1,0
BRDA:107,39,0,0
BRDA:107,39,1,0
BRDA:113,40,0,0
BRDA:113,40,1,0
BRDA:113,40,2,0
BRDA:114,41,0,0
BRDA:114,41,1,0
BRDA:121,42,0,0
BRDA:121,42,1,0
BRDA:138,43,0,0
BRDA:138,43,1,0
BRDA:139,44,0,0
BRDA:139,44,1,0
BRDA:142,45,0,0
BRDA:142,45,1,0
BRDA:142,46,0,0
BRDA:142,46,1,0
BRDA:162,47,0,0
BRDA:162,47,1,0
BRDA:171,48,0,0
BRDA:171,48,1,0
BRDA:180,49,0,0
BRDA:180,49,1,0
BRDA:200,50,0,0
BRDA:200,50,1,0
BRDA:200,51,0,0
BRDA:200,51,1,0
BRDA:200,51,2,0
BRDA:202,52,0,0
BRDA:202,52,1,0
BRDA:205,53,0,0
BRDA:205,53,1,0
BRDA:207,54,0,0
BRDA:207,54,1,0
BRDA:207,55,0,0
BRDA:207,55,1,0
BRDA:207,55,2,0
BRDA:212,56,0,0
BRDA:212,56,1,0
BRDA:219,57,0,0
BRDA:219,57,1,0
BRDA:219,58,0,0
BRDA:219,58,1,0
BRDA:219,58,2,0
BRDA:225,59,0,0
BRDA:225,59,1,0
BRDA:230,60,0,0
BRDA:230,60,1,0
BRDA:230,61,0,0
BRDA:230,61,1,0
BRDA:247,62,0,0
BRDA:247,62,1,0
BRDA:247,62,2,0
BRDA:247,62,3,0
BRDA:249,63,0,0
BRDA:249,63,1,0
BRDA:252,64,0,0
BRDA:252,64,1,0
BRDA:252,65,0,0
BRDA:252,65,1,0
BRDA:253,66,0,0
BRDA:253,66,1,0
BRDA:253,67,0,0
BRDA:253,67,1,0
BRDA:256,68,0,0
BRDA:256,68,1,0
BRDA:258,69,0,0
BRDA:258,69,1,0
BRDA:258,70,0,0
BRDA:258,70,1,0
BRDA:264,71,0,0
BRDA:264,71,1,0
BRDA:265,72,0,0
BRDA:265,72,1,0
BRDA:266,73,0,0
BRDA:266,73,1,0
BRDA:266,74,0,0
BRDA:266,74,1,0
BRDA:270,75,0,0
BRDA:270,75,1,0
BRDA:272,76,0,0
BRDA:272,76,1,0
BRDA:274,77,0,0
BRDA:274,77,1,0
BRDA:278,78,0,0
BRDA:278,78,1,0
BRDA:290,79,0,0
BRDA:290,79,1,0
BRDA:290,80,0,0
BRDA:290,80,1,0
BRDA:290,80,2,0
BRDA:299,81,0,0
BRDA:299,81,1,0
BRDA:301,82,0,0
BRDA:301,82,1,0
BRDA:306,83,0,0
BRDA:306,83,1,0
BRDA:309,84,0,0
BRDA:309,84,1,0
BRDA:309,85,0,0
BRDA:309,85,1,0
BRDA:311,86,0,0
BRDA:311,86,1,0
BRDA:325,87,0,0
BRDA:325,87,1,0
BRDA:346,88,0,0
BRDA:346,88,1,0
BRDA:348,89,0,0
BRDA:348,89,1,0
BRDA:371,90,0,0
BRDA:371,90,1,0
BRDA:377,91,0,0
BRDA:377,91,1,0
BRDA:380,92,0,0
BRDA:380,92,1,0
BRDA:380,93,0,0
BRDA:380,93,1,0
BRDA:383,94,0,0
BRDA:383,94,1,0
BRDA:389,95,0,0
BRDA:389,95,1,0
BRDA:404,96,0,0
BRDA:404,96,1,0
BRDA:406,97,0,0
BRDA:406,97,1,0
BRDA:410,98,0,0
BRDA:410,98,1,0
BRDA:412,99,0,0
BRDA:412,99,1,0
BRDA:434,100,0,0
BRDA:434,100,1,0
BRDA:434,101,0,0
BRDA:434,101,1,0
BRDA:439,102,0,0
BRDA:439,102,1,0
BRDA:439,103,0,0
BRDA:439,103,1,0
BRDA:444,104,0,0
BRDA:444,104,1,0
BRDA:444,105,0,0
BRDA:444,105,1,0
BRDA:455,106,0,0
BRDA:455,106,1,0
BRDA:455,107,0,0
BRDA:455,107,1,0
BRDA:459,108,0,0
BRDA:459,108,1,0
BRDA:463,109,0,0
BRDA:463,109,1,0
BRDA:472,110,0,0
BRDA:472,110,1,0
BRDA:503,111,0,0
BRDA:503,111,1,0
BRDA:516,112,0,0
BRDA:516,112,1,0
BRDA:516,113,0,0
BRDA:516,113,1,0
BRDA:516,113,2,0
BRDA:523,114,0,0
BRDA:523,114,1,0
BRDA:527,115,0,0
BRDA:527,115,1,0
BRDA:535,116,0,0
BRDA:535,116,1,0
BRDA:537,117,0,0
BRDA:537,117,1,0
BRDA:537,117,2,0
BRDA:538,118,0,0
BRDA:538,118,1,0
BRDA:539,119,0,0
BRDA:539,119,1,0
BRDA:547,120,0,0
BRDA:547,120,1,0
BRDA:548,121,0,0
BRDA:548,121,1,0
BRDA:551,122,0,0
BRDA:551,122,1,0
BRDA:557,123,0,0
BRDA:557,123,1,0
BRDA:558,124,0,0
BRDA:558,124,1,0
BRDA:559,125,0,0
BRDA:559,125,1,0
BRDA:561,126,0,0
BRDA:561,126,1,0
BRDA:562,127,0,0
BRDA:562,127,1,0
BRDA:563,128,0,0
BRDA:563,128,1,0
BRDA:566,129,0,0
BRDA:566,129,1,0
BRDA:567,130,0,0
BRDA:567,130,1,0
BRDA:568,131,0,0
BRDA:568,131,1,0
BRDA:569,132,0,0
BRDA:569,132,1,0
BRDA:571,133,0,0
BRDA:571,133,1,0
BRDA:572,134,0,0
BRDA:572,134,1,0
BRDA:573,135,0,0
BRDA:573,135,1,0
BRDA:574,136,0,0
BRDA:574,136,1,0
BRDA:575,137,0,0
BRDA:575,137,1,0
BRDA:583,138,0,0
BRDA:583,138,1,0
BRDA:585,139,0,0
BRDA:585,139,1,0
BRDA:585,140,0,0
BRDA:585,140,1,0
BRDA:585,141,0,0
BRDA:585,141,1,0
BRDA:588,142,0,0
BRDA:588,142,1,0
BRDA:593,143,0,0
BRDA:593,143,1,0
BRDA:614,144,0,0
BRDA:614,144,1,0
BRDA:615,145,0,0
BRDA:615,145,1,0
BRDA:625,146,0,0
BRDA:625,146,1,0
BRDA:625,147,0,0
BRDA:625,147,1,0
BRDA:626,148,0,0
BRDA:626,148,1,0
BRDA:626,149,0,0
BRDA:626,149,1,0
BRDA:631,150,0,0
BRDA:631,150,1,0
BRDA:633,151,0,0
BRDA:633,151,1,0
BRDA:633,152,0,0
BRDA:633,152,1,0
BRDA:639,153,0,0
BRDA:639,153,1,0
BRDA:639,154,0,0
BRDA:639,154,1,0
BRDA:645,155,0,0
BRDA:645,155,1,0
BRDA:645,156,0,0
BRDA:645,156,1,0
BRDA:652,157,0,0
BRDA:652,157,1,0
BRDA:661,158,0,0
BRDA:661,158,1,0
BRDA:675,159,0,0
BRDA:675,159,1,0
BRDA:684,160,0,0
BRDA:684,160,1,0
BRDA:685,161,0,0
BRDA:685,161,1,0
BRDA:688,162,0,0
BRDA:688,162,1,0
BRDA:695,163,0,0
BRDA:695,163,1,0
BRDA:695,164,0,0
BRDA:695,164,1,0
BRDA:695,164,2,0
BRDA:702,165,0,0
BRDA:702,165,1,0
BRDA:702,165,2,0
BRDA:703,166,0,0
BRDA:703,166,1,0
BRDA:703,166,2,0
BRDA:704,167,0,0
BRDA:704,167,1,0
BRDA:704,167,2,0
BRDA:704,167,3,0
BRDA:706,168,0,0
BRDA:706,168,1,0
BRDA:706,169,0,0
BRDA:706,169,1,0
BRDA:706,169,2,0
BRDA:714,170,0,0
BRDA:714,170,1,0
BRDA:714,171,0,0
BRDA:714,171,1,0
BRDA:726,172,0,0
BRDA:726,172,1,0
BRDA:734,173,0,0
BRDA:734,173,1,0
BRDA:740,174,0,0
BRDA:740,174,1,0
BRDA:746,175,0,0
BRDA:746,175,1,0
BRDA:780,176,0,0
BRDA:780,176,1,0
BRDA:781,177,0,0
BRDA:781,177,1,0
BRDA:783,178,0,0
BRDA:783,178,1,0
BRDA:787,179,0,0
BRDA:787,179,1,0
BRDA:788,180,0,0
BRDA:788,180,1,0
BRDA:791,181,0,0
BRDA:791,181,1,0
BRDA:791,182,0,0
BRDA:791,182,1,0
BRDA:796,183,0,0
BRDA:796,183,1,0
BRDA:796,184,0,0
BRDA:796,184,1,0
BRDA:801,185,0,0
BRDA:801,185,1,0
BRDA:801,186,0,0
BRDA:801,186,1,0
BRDA:810,187,0,0
BRDA:810,187,1,0
BRDA:818,188,0,0
BRDA:818,188,1,0
BRDA:819,189,0,0
BRDA:819,189,1,0
BRDA:828,190,0,0
BRDA:828,190,1,0
BRDA:829,191,0,0
BRDA:829,191,1,0
BRDA:830,192,0,0
BRDA:830,192,1,0
BRDA:834,193,0,0
BRDA:834,193,1,0
BRDA:834,194,0,0
BRDA:834,194,1,0
BRDA:839,195,0,0
BRDA:839,195,1,0
BRDA:847,196,0,0
BRDA:847,196,1,0
BRDA:857,197,0,0
BRDA:857,197,1,0
BRDA:858,198,0,0
BRDA:858,198,1,0
BRDA:862,199,0,0
BRDA:862,199,1,0
BRDA:866,200,0,0
BRDA:866,200,1,0
BRDA:867,201,0,0
BRDA:867,201,1,0
BRDA:870,202,0,0
BRDA:870,202,1,0
BRDA:870,203,0,0
BRDA:870,203,1,0
BRDA:876,204,0,0
BRDA:876,204,1,0
BRDA:882,205,0,0
BRDA:882,205,1,0
BRDA:889,206,0,0
BRDA:889,206,1,0
BRDA:896,207,0,0
BRDA:896,207,1,0
BRDA:904,208,0,0
BRDA:904,208,1,0
BRDA:905,209,0,0
BRDA:905,209,1,0
BRDA:905,210,0,0
BRDA:905,210,1,0
BRDA:909,211,0,0
BRDA:909,211,1,0
BRDA:909,212,0,0
BRDA:909,212,1,0
BRDA:914,213,0,0
BRDA:914,213,1,0
BRDA:926,214,0,0
BRDA:926,214,1,0
BRDA:927,215,0,0
BRDA:927,215,1,0
BRDA:927,216,0,0
BRDA:927,216,1,0
BRDA:932,217,0,0
BRDA:932,217,1,0
BRDA:938,218,0,0
BRDA:938,218,1,0
BRDA:945,219,0,0
BRDA:945,219,1,0
BRDA:945,220,0,0
BRDA:945,220,1,0
BRDA:950,221,0,0
BRDA:950,221,1,0
BRDA:950,222,0,0
BRDA:950,222,1,0
BRDA:953,223,0,0
BRDA:953,223,1,0
BRDA:954,224,0,0
BRDA:954,224,1,0
BRDA:957,225,0,0
BRDA:957,225,1,0
BRDA:957,226,0,0
BRDA:957,226,1,0
BRDA:957,226,2,0
BRDA:972,227,0,0
BRDA:972,227,1,0
BRDA:972,228,0,0
BRDA:972,228,1,0
BRDA:976,229,0,0
BRDA:976,229,1,0
BRDA:983,230,0,0
BRDA:983,230,1,0
BRDA:989,231,0,0
BRDA:989,231,1,0
BRDA:995,232,0,0
BRDA:995,232,1,0
BRDA:1002,233,0,0
BRDA:1002,233,1,0
BRDA:1009,234,0,0
BRDA:1009,234,1,0
BRDA:1009,235,0,0
BRDA:1009,235,1,0
BRDA:1015,236,0,0
BRDA:1015,236,1,0
BRDA:1016,237,0,0
BRDA:1016,237,1,0
BRDA:1025,238,0,0
BRDA:1025,238,1,0
BRDA:1028,239,0,0
BRDA:1028,239,1,0
BRDA:1028,240,0,0
BRDA:1028,240,1,0
BRDA:1040,241,0,0
BRDA:1040,241,1,0
BRDA:1052,242,0,0
BRDA:1052,242,1,0
BRDA:1065,243,0,0
BRDA:1065,243,1,0
BRDA:1065,244,0,0
BRDA:1065,244,1,0
BRDA:1067,245,0,0
BRDA:1067,245,1,0
BRDA:1073,246,0,0
BRDA:1073,246,1,0
BRDA:1083,247,0,0
BRDA:1083,247,1,0
BRDA:1088,248,0,0
BRDA:1088,248,1,0
BRDA:1088,249,0,0
BRDA:1088,249,1,0
BRDA:1099,250,0,0
BRDA:1099,250,1,0
BRDA:1099,251,0,0
BRDA:1099,251,1,0
BRDA:1099,251,2,0
BRDA:1102,252,0,0
BRDA:1102,252,1,0
BRDA:1104,253,0,0
BRDA:1104,253,1,0
BRDA:1104,254,0,0
BRDA:1104,254,1,0
BRDA:1104,254,2,0
BRDA:1128,255,0,0
BRDA:1128,255,1,0
BRDA:1135,256,0,0
BRDA:1135,256,1,0
BRDA:1138,257,0,0
BRDA:1138,257,1,0
BRDA:1139,258,0,0
BRDA:1139,258,1,0
BRDA:1148,259,0,0
BRDA:1148,259,1,0
BRDA:1151,260,0,0
BRDA:1151,260,1,0
BRDA:1154,261,0,0
BRDA:1154,261,1,0
BRF:547
BRH:0
end_of_record
